2018-03-24 19:12:22,874 INFO     INITIATING RUN ........
2018-03-24 19:12:22,874 INFO     PREPROCESSING THE DATASET ..........
2018-03-24 19:12:22,899 INFO     PREPROCESSING config: With the training Data Set
2018-03-24 19:12:22,899 INFO     Performing random horizontal flip
2018-03-24 19:12:22,916 INFO     Performing Central crop
2018-03-24 19:12:22,956 INFO     Image shape after central crop: (?, ?, 3)
2018-03-24 19:12:22,957 INFO     Standarizing the image
2018-03-24 19:12:22,980 INFO     PREPROCESSING config: With the Test Data Set
2018-03-24 19:12:22,980 INFO     Performing Central crop
2018-03-24 19:12:23,021 INFO     Image shape after central crop: (?, ?, 3)
2018-03-24 19:12:23,021 INFO     Standarizing the image
2018-03-24 19:12:23,046 INFO     Input shape: (?, 96, 96, 3)
2018-03-24 19:12:23,046 INFO     SEED for scope: 553
2018-03-24 19:12:23,064 INFO     Running Scope bn_1: 
2018-03-24 19:12:23,108 INFO     Conv1 shape: (?, 96, 96, 64)
2018-03-24 19:12:23,110 INFO     Pool1 shape: (?, 48, 48, 64)
2018-03-24 19:12:23,110 INFO     SEED for scope: 292
2018-03-24 19:12:23,127 INFO     Running Scope bn_2: 
2018-03-24 19:12:23,168 INFO     Conv2 shape: (?, 48, 48, 64)
2018-03-24 19:12:23,169 INFO     Pool2 shape: (?, 24, 24, 64)
2018-03-24 19:12:23,169 INFO     SEED for scope: 394
2018-03-24 19:12:23,187 INFO     Running Scope bn_3: 
2018-03-24 19:12:23,228 INFO     Conv3 shape: (?, 24, 24, 64)
2018-03-24 19:12:23,230 INFO     Pool3 shape: (?, 12, 12, 64)
2018-03-24 19:12:23,960 INFO     Flattened shape: (?, 9216)
2018-03-24 19:12:23,977 INFO     Dense1 shape: (?, 384)
2018-03-24 19:12:23,993 INFO     Dense2 shape: (?, 192)
2018-03-24 19:12:24,009 INFO     Output shape: (?, 192)
2018-03-24 19:12:24,020 INFO     INITIALIZING LOSS: .....
2018-03-24 19:12:24,255 INFO     INITIALIZING OPTIMIZATION WITH ADAM: .....
2018-03-24 19:12:26,943 INFO     Checkpoint LISTS .. ['convnet_epoch_0_batch_2', 'convnet_epoch_1_batch_2', 'convnet_epoch_2_batch_2']
2018-03-24 19:12:29,516 INFO     DATA FORMATTER: Retrieved the hdf5 file cvalid from disk, dataX shape = (1086, 400, 400, 3), dataY shape = (1086,)
2018-03-24 19:12:31,395 INFO     DATA FORMATTER: Retrieved the hdf5 file train_0 from disk, dataX shape = (128, 400, 400, 3), dataY shape = (128,)
2018-03-24 19:12:46,383 INFO     Fold: 1, epoch: 3, batch: 0, Loss: 0.887487, Accuracy: 0.88281, Precision: 0.84507, Recall: 0.93750
2018-03-24 19:12:46,692 INFO     DATA FORMATTER: Retrieved the hdf5 file train_1 from disk, dataX shape = (128, 400, 400, 3), dataY shape = (128,)
2018-03-24 19:12:47,417 INFO     Fold: 1, epoch: 3, batch: 1, Loss: 0.887104, Accuracy: 0.88281, Precision: 0.83562, Recall: 0.95312
2018-03-24 19:12:47,719 INFO     DATA FORMATTER: Retrieved the hdf5 file train_2 from disk, dataX shape = (128, 400, 400, 3), dataY shape = (128,)
2018-03-24 19:12:48,434 INFO     Fold: 1, epoch: 3, batch: 2, Loss: 0.260265, Accuracy: 0.94531, Precision: 0.91304, Recall: 0.98438
2018-03-24 19:12:51,121 INFO     VALIDATION METRICs : Fold: 1, epoch: 3, batch: 2, Loss: 1.318051, Accuracy: 0.85727, Precision: 0.83916, Recall: 0.88398
2018-03-24 19:12:51,121 INFO     CHECKPOINT SAVER: Saving model updated parameters
2018-03-24 19:12:53,621 INFO     DATA FORMATTER: Retrieved the hdf5 file train_0 from disk, dataX shape = (128, 400, 400, 3), dataY shape = (128,)
2018-03-24 19:12:54,310 INFO     Fold: 1, epoch: 4, batch: 0, Loss: 0.394490, Accuracy: 0.92188, Precision: 0.92188, Recall: 0.92188
2018-03-24 19:12:54,624 INFO     DATA FORMATTER: Retrieved the hdf5 file train_1 from disk, dataX shape = (128, 400, 400, 3), dataY shape = (128,)
2018-03-24 19:12:55,329 INFO     Fold: 1, epoch: 4, batch: 1, Loss: 0.454448, Accuracy: 0.93750, Precision: 0.95161, Recall: 0.92188
2018-03-24 19:12:55,639 INFO     DATA FORMATTER: Retrieved the hdf5 file train_2 from disk, dataX shape = (128, 400, 400, 3), dataY shape = (128,)
2018-03-24 19:12:56,348 INFO     Fold: 1, epoch: 4, batch: 2, Loss: 0.426698, Accuracy: 0.95312, Precision: 1.00000, Recall: 0.90625
2018-03-24 19:12:57,113 INFO     VALIDATION METRICs : Fold: 1, epoch: 4, batch: 2, Loss: 1.287105, Accuracy: 0.87017, Precision: 0.89881, Recall: 0.83425
2018-03-24 19:12:57,114 INFO     CHECKPOINT SAVER: Saving model updated parameters
2018-03-24 19:12:58,886 INFO     DATA FORMATTER: Retrieved the hdf5 file train_0 from disk, dataX shape = (128, 400, 400, 3), dataY shape = (128,)
2018-03-24 19:12:59,589 INFO     Fold: 1, epoch: 5, batch: 0, Loss: 0.495038, Accuracy: 0.91406, Precision: 0.98182, Recall: 0.84375
2018-03-24 19:12:59,897 INFO     DATA FORMATTER: Retrieved the hdf5 file train_1 from disk, dataX shape = (128, 400, 400, 3), dataY shape = (128,)
2018-03-24 19:13:00,585 INFO     Fold: 1, epoch: 5, batch: 1, Loss: 0.306146, Accuracy: 0.96875, Precision: 0.98387, Recall: 0.95312
2018-03-24 19:13:00,889 INFO     DATA FORMATTER: Retrieved the hdf5 file train_2 from disk, dataX shape = (128, 400, 400, 3), dataY shape = (128,)
2018-03-24 19:13:01,588 INFO     Fold: 1, epoch: 5, batch: 2, Loss: 0.022328, Accuracy: 0.99219, Precision: 1.00000, Recall: 0.98438
2018-03-24 19:13:02,349 INFO     VALIDATION METRICs : Fold: 1, epoch: 5, batch: 2, Loss: 1.471695, Accuracy: 0.81952, Precision: 0.76090, Recall: 0.93186
2018-03-24 19:13:02,349 INFO     CHECKPOINT SAVER: Saving model updated parameters
2018-03-24 19:13:12,710 INFO     INITIATING RUN ........
2018-03-24 19:13:12,710 INFO     PREPROCESSING THE DATASET ..........
2018-03-24 19:13:12,716 INFO     PREPROCESSING config: With the training Data Set
2018-03-24 19:13:12,716 INFO     Performing random horizontal flip
2018-03-24 19:13:12,735 INFO     Performing Central crop
2018-03-24 19:13:12,779 INFO     Image shape after central crop: (?, ?, 3)
2018-03-24 19:13:12,779 INFO     Standarizing the image
2018-03-24 19:13:12,803 INFO     PREPROCESSING config: With the Test Data Set
2018-03-24 19:13:12,803 INFO     Performing Central crop
2018-03-24 19:13:12,845 INFO     Image shape after central crop: (?, ?, 3)
2018-03-24 19:13:12,845 INFO     Standarizing the image
2018-03-24 19:13:12,871 INFO     Input shape: (?, 96, 96, 3)
2018-03-24 19:13:12,871 INFO     SEED for scope: 161
2018-03-24 19:13:12,888 INFO     Running Scope bn_1: 
2018-03-24 19:13:12,932 INFO     Conv1 shape: (?, 96, 96, 64)
2018-03-24 19:13:12,933 INFO     Pool1 shape: (?, 48, 48, 64)
2018-03-24 19:13:12,933 INFO     SEED for scope: 141
2018-03-24 19:13:12,951 INFO     Running Scope bn_2: 
2018-03-24 19:13:12,993 INFO     Conv2 shape: (?, 48, 48, 64)
2018-03-24 19:13:12,994 INFO     Pool2 shape: (?, 24, 24, 64)
2018-03-24 19:13:12,994 INFO     SEED for scope: 213
2018-03-24 19:13:13,013 INFO     Running Scope bn_3: 
2018-03-24 19:13:13,057 INFO     Conv3 shape: (?, 24, 24, 64)
2018-03-24 19:13:13,058 INFO     Pool3 shape: (?, 12, 12, 64)
2018-03-24 19:13:13,068 INFO     Flattened shape: (?, 9216)
2018-03-24 19:13:13,085 INFO     Dense1 shape: (?, 384)
2018-03-24 19:13:13,102 INFO     Dense2 shape: (?, 192)
2018-03-24 19:13:13,117 INFO     Output shape: (?, 192)
2018-03-24 19:13:13,128 INFO     INITIALIZING LOSS: .....
2018-03-24 19:13:13,168 INFO     INITIALIZING OPTIMIZATION WITH ADAM: .....
2018-03-24 19:13:15,008 INFO     Checkpoint LISTS .. ['convnet_epoch_0_batch_2', 'convnet_epoch_1_batch_2', 'convnet_epoch_2_batch_2', 'convnet_epoch_3_batch_2', 'convnet_epoch_4_batch_2', 'convnet_epoch_5_batch_2']
2018-03-24 19:13:17,610 INFO     DATA FORMATTER: Retrieved the hdf5 file cvalid from disk, dataX shape = (1086, 400, 400, 3), dataY shape = (1086,)
2018-03-24 19:13:19,609 INFO     DATA FORMATTER: Retrieved the hdf5 file train_0 from disk, dataX shape = (128, 400, 400, 3), dataY shape = (128,)
2018-03-24 19:13:27,279 INFO     Fold: 1, epoch: 6, batch: 0, Loss: 0.221810, Accuracy: 0.91406, Precision: 0.86301, Recall: 0.98438
2018-03-24 19:13:27,586 INFO     DATA FORMATTER: Retrieved the hdf5 file train_1 from disk, dataX shape = (128, 400, 400, 3), dataY shape = (128,)
2018-03-24 19:13:35,154 INFO     Fold: 1, epoch: 6, batch: 1, Loss: 0.375041, Accuracy: 0.91406, Precision: 0.86301, Recall: 0.98438
2018-03-24 19:13:35,473 INFO     DATA FORMATTER: Retrieved the hdf5 file train_2 from disk, dataX shape = (128, 400, 400, 3), dataY shape = (128,)
2018-03-24 19:13:43,173 INFO     Fold: 1, epoch: 6, batch: 2, Loss: 0.014713, Accuracy: 1.00000, Precision: 1.00000, Recall: 1.00000
2018-03-24 19:14:07,842 INFO     VALIDATION METRICs : Fold: 1, epoch: 6, batch: 2, Loss: 1.083422, Accuracy: 0.85912, Precision: 0.87938, Recall: 0.83241
2018-03-24 19:14:07,843 INFO     CHECKPOINT SAVER: Saving model updated parameters
2018-03-24 19:14:10,269 INFO     DATA FORMATTER: Retrieved the hdf5 file train_0 from disk, dataX shape = (128, 400, 400, 3), dataY shape = (128,)
2018-03-24 19:14:18,069 INFO     Fold: 1, epoch: 7, batch: 0, Loss: 0.078813, Accuracy: 0.97656, Precision: 0.98413, Recall: 0.96875
2018-03-24 19:14:18,395 INFO     DATA FORMATTER: Retrieved the hdf5 file train_1 from disk, dataX shape = (128, 400, 400, 3), dataY shape = (128,)
2018-03-24 19:14:26,153 INFO     Fold: 1, epoch: 7, batch: 1, Loss: 0.113165, Accuracy: 0.96875, Precision: 1.00000, Recall: 0.93750
2018-03-24 19:14:26,476 INFO     DATA FORMATTER: Retrieved the hdf5 file train_2 from disk, dataX shape = (128, 400, 400, 3), dataY shape = (128,)
2018-03-24 19:14:34,245 INFO     Fold: 1, epoch: 7, batch: 2, Loss: 0.189019, Accuracy: 0.95312, Precision: 1.00000, Recall: 0.90625
2018-03-24 19:14:59,210 INFO     VALIDATION METRICs : Fold: 1, epoch: 7, batch: 2, Loss: 1.039457, Accuracy: 0.85359, Precision: 0.87209, Recall: 0.82873
2018-03-24 19:14:59,210 INFO     CHECKPOINT SAVER: Saving model updated parameters
2018-03-24 19:15:02,047 INFO     DATA FORMATTER: Retrieved the hdf5 file train_0 from disk, dataX shape = (128, 400, 400, 3), dataY shape = (128,)
2018-03-24 19:15:10,002 INFO     Fold: 1, epoch: 8, batch: 0, Loss: 0.049328, Accuracy: 0.98438, Precision: 1.00000, Recall: 0.96875
2018-03-24 19:15:10,339 INFO     DATA FORMATTER: Retrieved the hdf5 file train_1 from disk, dataX shape = (128, 400, 400, 3), dataY shape = (128,)
2018-03-24 19:15:18,077 INFO     Fold: 1, epoch: 8, batch: 1, Loss: 0.075023, Accuracy: 0.97656, Precision: 0.96923, Recall: 0.98438
2018-03-24 19:15:18,411 INFO     DATA FORMATTER: Retrieved the hdf5 file train_2 from disk, dataX shape = (128, 400, 400, 3), dataY shape = (128,)
2018-03-24 19:15:26,164 INFO     Fold: 1, epoch: 8, batch: 2, Loss: 0.034554, Accuracy: 0.99219, Precision: 0.98462, Recall: 1.00000
2018-03-24 19:15:50,965 INFO     VALIDATION METRICs : Fold: 1, epoch: 8, batch: 2, Loss: 1.154385, Accuracy: 0.84254, Precision: 0.79245, Recall: 0.92818
2018-03-24 19:15:50,966 INFO     CHECKPOINT SAVER: Saving model updated parameters
