2018-05-05 03:51:47,637 INFO     conv1_1 shape: (?, 224, 224, 64)
2018-05-05 03:51:47,649 INFO     relu1_1 shape: (?, 224, 224, 64)
2018-05-05 03:51:47,665 INFO     conv1_2 shape: (?, 224, 224, 64)
2018-05-05 03:51:47,675 INFO     relu1_2 shape: (?, 224, 224, 64)
2018-05-05 03:51:47,677 INFO     pool1 shape: (?, 112, 112, 64)
2018-05-05 03:51:47,693 INFO     conv2_1 shape: (?, 112, 112, 128)
2018-05-05 03:51:47,704 INFO     relu2_1 shape: (?, 112, 112, 128)
2018-05-05 03:51:47,721 INFO     conv2_2 shape: (?, 112, 112, 128)
2018-05-05 03:51:47,731 INFO     relu2_2 shape: (?, 112, 112, 128)
2018-05-05 03:51:47,734 INFO     pool2 shape: (?, 56, 56, 128)
2018-05-05 03:51:47,754 INFO     conv3_1 shape: (?, 56, 56, 256)
2018-05-05 03:51:47,764 INFO     relu3_1 shape: (?, 56, 56, 256)
2018-05-05 03:51:47,786 INFO     conv3_2 shape: (?, 56, 56, 256)
2018-05-05 03:51:47,797 INFO     relu3_2 shape: (?, 56, 56, 256)
2018-05-05 03:51:47,821 INFO     conv3_3 shape: (?, 56, 56, 256)
2018-05-05 03:51:47,831 INFO     relu3_3 shape: (?, 56, 56, 256)
2018-05-05 03:51:47,857 INFO     conv3_4 shape: (?, 56, 56, 256)
2018-05-05 03:51:47,867 INFO     relu3_4 shape: (?, 56, 56, 256)
2018-05-05 03:51:47,869 INFO     pool3 shape: (?, 28, 28, 256)
2018-05-05 03:51:47,908 INFO     conv4_1 shape: (?, 28, 28, 512)
2018-05-05 03:51:47,949 INFO     relu4_1 shape: (?, 28, 28, 512)
2018-05-05 03:51:48,008 INFO     conv4_2 shape: (?, 28, 28, 512)
2018-05-05 03:51:48,020 INFO     relu4_2 shape: (?, 28, 28, 512)
2018-05-05 03:51:48,084 INFO     conv4_3 shape: (?, 28, 28, 512)
2018-05-05 03:51:48,094 INFO     relu4_3 shape: (?, 28, 28, 512)
2018-05-05 03:51:48,145 INFO     conv4_4 shape: (?, 28, 28, 512)
2018-05-05 03:51:48,155 INFO     relu4_4 shape: (?, 28, 28, 512)
2018-05-05 03:51:48,157 INFO     pool4 shape: (?, 14, 14, 512)
2018-05-05 03:51:48,208 INFO     conv5_1 shape: (?, 14, 14, 512)
2018-05-05 03:51:48,218 INFO     relu5_1 shape: (?, 14, 14, 512)
2018-05-05 03:51:48,273 INFO     conv5_2 shape: (?, 14, 14, 512)
2018-05-05 03:51:48,283 INFO     relu5_2 shape: (?, 14, 14, 512)
2018-05-05 03:51:48,335 INFO     conv5_3 shape: (?, 14, 14, 512)
2018-05-05 03:51:48,346 INFO     relu5_3 shape: (?, 14, 14, 512)
2018-05-05 03:51:48,404 INFO     conv5_4 shape: (?, 14, 14, 512)
2018-05-05 03:51:48,415 INFO     relu5_4 shape: (?, 14, 14, 512)
2018-05-05 03:51:48,416 INFO     conv5_3 shape: (?, 14, 14, 512)
2018-05-05 03:51:48,418 INFO     pool5 shape: (?, 7, 7, 512)
2018-05-05 03:51:48,435 INFO     W6 shape = (7, 7, 512, 4096)
2018-05-05 03:51:48,435 INFO     b6 shape = (4096,)
2018-05-05 03:51:48,439 INFO     conv6 shape: (?, 7, 7, 4096)
2018-05-05 03:51:48,479 INFO     W7 shape = (1, 1, 4096, 4096)
2018-05-05 03:51:48,479 INFO     b7 shape = (4096,)
2018-05-05 03:51:48,483 INFO     conv7 shape: (?, 7, 7, 4096)
2018-05-05 03:51:48,526 INFO     conv8 shape: (?, 7, 7, 151)
2018-05-05 03:51:48,526 INFO     deconv1_shape shape: (?, 14, 14, 512)
2018-05-05 03:51:48,540 INFO     W_t1 shape = (4, 4, 512, 151)
2018-05-05 03:51:48,545 INFO     b_t1 shape = (512,)
2018-05-05 03:51:48,545 INFO     transposed on conv8 shape = (?, 7, 7, 151)
2018-05-05 03:51:48,621 INFO     conv_t1 output shape: Tensor("inference/Shape_1:0", shape=(4,), dtype=int32)
2018-05-05 03:51:48,621 INFO     conv_t1 shape: (?, 14, 14, 512)
2018-05-05 03:51:48,623 INFO     fuse_1 shape: (?, 14, 14, 512)
2018-05-05 03:51:48,623 INFO     deconv2_shape shape: (?, 28, 28, 256)
2018-05-05 03:51:48,633 INFO     W_t2 shape = (4, 4, 256, 512)
2018-05-05 03:51:48,638 INFO     b_t2 shape = (256,)
2018-05-05 03:51:48,645 INFO     conv_t2 output shape: Tensor("inference/Shape_3:0", shape=(4,), dtype=int32)
2018-05-05 03:51:48,645 INFO     conv_t2 shape: (?, 28, 28, 256)
2018-05-05 03:51:48,646 INFO     fuse_2 shape: (?, 28, 28, 256)
2018-05-05 03:51:48,687 INFO     conv_t3 shape: (?, ?, ?, 151)
2018-05-05 03:51:48,977 WARNING  From /Users/sam/All-Program/App/PropertyClassification/src/semantic_segmentation/FCN.py:164: calling argmax (from tensorflow.python.ops.math_ops) with dimension is deprecated and will be removed in a future version.
Instructions for updating:
Use the `axis` argument instead
