[2018-05-15 14:13:43,237] {jobs.py:343} DagFileProcessor0 INFO - Started process (PID=14403) to work on /Users/sam/All-Program/App/PropertyClassification/dags/train_pipeline.py
[2018-05-15 14:13:43,242] {jobs.py:534} DagFileProcessor0 ERROR - Cannot use more than 1 thread when using sqlite. Setting max_threads to 1
[2018-05-15 14:13:43,243] {jobs.py:1521} DagFileProcessor0 INFO - Processing file /Users/sam/All-Program/App/PropertyClassification/dags/train_pipeline.py for tasks to queue
[2018-05-15 14:13:43,244] {models.py:167} DagFileProcessor0 INFO - Filling up the DagBag from /Users/sam/All-Program/App/PropertyClassification/dags/train_pipeline.py
[2018-05-15 14:13:46,320] {jobs.py:1535} DagFileProcessor0 INFO - DAG(s) dict_keys(['example_bash_operator', 'latest_only_with_trigger', 'example_subdag_operator.section-2', 'example_python_operator', 'example_subdag_operator', 'example_trigger_controller_dag', 'example_trigger_target_dag', 'tutorial', 'example_passing_params_via_test_command', 'example_skip_dag', 'latest_only', 'example_short_circuit_operator', 'example_subdag_operator.section-1', 'PropertyClassification_training_pipeline', 'test_utils', 'example_branch_operator', 'example_branch_dop_operator_v3', 'example_xcom', 'example_http_operator']) retrieved from /Users/sam/All-Program/App/PropertyClassification/dags/train_pipeline.py
/Users/sam/App-Setup/anaconda/envs/anaconda35/lib/python3.5/site-packages/sqlalchemy/sql/default_comparator.py:161: SAWarning: The IN-predicate on "dag_stats.dag_id" was invoked with an empty sequence. This results in a contradiction, which nonetheless can be expensive to evaluate.  Consider alternative strategies for improved performance.
  'strategies for improved performance.' % expr)
/Users/sam/App-Setup/anaconda/envs/anaconda35/lib/python3.5/site-packages/sqlalchemy/sql/default_comparator.py:161: SAWarning: The IN-predicate on "dag_run.dag_id" was invoked with an empty sequence. This results in a contradiction, which nonetheless can be expensive to evaluate.  Consider alternative strategies for improved performance.
  'strategies for improved performance.' % expr)
[2018-05-15 14:13:46,463] {models.py:322} DagFileProcessor0 INFO - Finding 'running' jobs without a recent heartbeat
[2018-05-15 14:13:46,464] {models.py:328} DagFileProcessor0 INFO - Failing jobs without heartbeat after 2018-05-15 14:08:46.464119
[2018-05-15 14:13:46,468] {jobs.py:351} DagFileProcessor0 INFO - Processing /Users/sam/All-Program/App/PropertyClassification/dags/train_pipeline.py took 3.231 seconds
[2018-05-15 14:13:52,261] {jobs.py:343} DagFileProcessor2 INFO - Started process (PID=14418) to work on /Users/sam/All-Program/App/PropertyClassification/dags/train_pipeline.py
[2018-05-15 14:13:52,266] {jobs.py:534} DagFileProcessor2 ERROR - Cannot use more than 1 thread when using sqlite. Setting max_threads to 1
[2018-05-15 14:13:52,267] {jobs.py:1521} DagFileProcessor2 INFO - Processing file /Users/sam/All-Program/App/PropertyClassification/dags/train_pipeline.py for tasks to queue
[2018-05-15 14:13:52,267] {models.py:167} DagFileProcessor2 INFO - Filling up the DagBag from /Users/sam/All-Program/App/PropertyClassification/dags/train_pipeline.py
[2018-05-15 14:13:55,907] {jobs.py:1535} DagFileProcessor2 INFO - DAG(s) dict_keys(['example_bash_operator', 'latest_only_with_trigger', 'example_subdag_operator.section-2', 'example_python_operator', 'example_subdag_operator', 'example_trigger_controller_dag', 'example_trigger_target_dag', 'tutorial', 'example_passing_params_via_test_command', 'example_skip_dag', 'latest_only', 'example_short_circuit_operator', 'example_subdag_operator.section-1', 'PropertyClassification_training_pipeline', 'test_utils', 'example_branch_operator', 'example_branch_dop_operator_v3', 'example_xcom', 'example_http_operator']) retrieved from /Users/sam/All-Program/App/PropertyClassification/dags/train_pipeline.py
/Users/sam/App-Setup/anaconda/envs/anaconda35/lib/python3.5/site-packages/sqlalchemy/sql/default_comparator.py:161: SAWarning: The IN-predicate on "dag_stats.dag_id" was invoked with an empty sequence. This results in a contradiction, which nonetheless can be expensive to evaluate.  Consider alternative strategies for improved performance.
  'strategies for improved performance.' % expr)
/Users/sam/App-Setup/anaconda/envs/anaconda35/lib/python3.5/site-packages/sqlalchemy/sql/default_comparator.py:161: SAWarning: The IN-predicate on "dag_run.dag_id" was invoked with an empty sequence. This results in a contradiction, which nonetheless can be expensive to evaluate.  Consider alternative strategies for improved performance.
  'strategies for improved performance.' % expr)
[2018-05-15 14:13:56,075] {models.py:322} DagFileProcessor2 INFO - Finding 'running' jobs without a recent heartbeat
[2018-05-15 14:13:56,076] {models.py:328} DagFileProcessor2 INFO - Failing jobs without heartbeat after 2018-05-15 14:08:56.076294
[2018-05-15 14:13:56,081] {jobs.py:351} DagFileProcessor2 INFO - Processing /Users/sam/All-Program/App/PropertyClassification/dags/train_pipeline.py took 3.819 seconds
[2018-05-15 14:18:36,169] {jobs.py:343} DagFileProcessor4 INFO - Started process (PID=14568) to work on /Users/sam/All-Program/App/PropertyClassification/dags/train_pipeline.py
[2018-05-15 14:18:36,174] {jobs.py:534} DagFileProcessor4 ERROR - Cannot use more than 1 thread when using sqlite. Setting max_threads to 1
[2018-05-15 14:18:36,175] {jobs.py:1521} DagFileProcessor4 INFO - Processing file /Users/sam/All-Program/App/PropertyClassification/dags/train_pipeline.py for tasks to queue
[2018-05-15 14:18:36,176] {models.py:167} DagFileProcessor4 INFO - Filling up the DagBag from /Users/sam/All-Program/App/PropertyClassification/dags/train_pipeline.py
[2018-05-15 14:18:39,336] {jobs.py:1535} DagFileProcessor4 INFO - DAG(s) dict_keys(['example_bash_operator', 'latest_only_with_trigger', 'example_subdag_operator.section-2', 'example_python_operator', 'example_subdag_operator', 'example_trigger_controller_dag', 'example_trigger_target_dag', 'tutorial', 'example_passing_params_via_test_command', 'example_skip_dag', 'latest_only', 'example_short_circuit_operator', 'example_subdag_operator.section-1', 'PropertyClassification_training_pipeline', 'test_utils', 'example_branch_operator', 'example_branch_dop_operator_v3', 'example_xcom', 'example_http_operator']) retrieved from /Users/sam/All-Program/App/PropertyClassification/dags/train_pipeline.py
/Users/sam/App-Setup/anaconda/envs/anaconda35/lib/python3.5/site-packages/sqlalchemy/sql/default_comparator.py:161: SAWarning: The IN-predicate on "dag_stats.dag_id" was invoked with an empty sequence. This results in a contradiction, which nonetheless can be expensive to evaluate.  Consider alternative strategies for improved performance.
  'strategies for improved performance.' % expr)
/Users/sam/App-Setup/anaconda/envs/anaconda35/lib/python3.5/site-packages/sqlalchemy/sql/default_comparator.py:161: SAWarning: The IN-predicate on "dag_run.dag_id" was invoked with an empty sequence. This results in a contradiction, which nonetheless can be expensive to evaluate.  Consider alternative strategies for improved performance.
  'strategies for improved performance.' % expr)
[2018-05-15 14:18:39,485] {models.py:322} DagFileProcessor4 INFO - Finding 'running' jobs without a recent heartbeat
[2018-05-15 14:18:39,485] {models.py:328} DagFileProcessor4 INFO - Failing jobs without heartbeat after 2018-05-15 14:13:39.485533
[2018-05-15 14:18:39,490] {jobs.py:351} DagFileProcessor4 INFO - Processing /Users/sam/All-Program/App/PropertyClassification/dags/train_pipeline.py took 3.321 seconds
[2018-05-15 14:19:18,550] {jobs.py:343} DagFileProcessor6 INFO - Started process (PID=14637) to work on /Users/sam/All-Program/App/PropertyClassification/dags/train_pipeline.py
[2018-05-15 14:19:18,555] {jobs.py:534} DagFileProcessor6 ERROR - Cannot use more than 1 thread when using sqlite. Setting max_threads to 1
[2018-05-15 14:19:18,556] {jobs.py:1521} DagFileProcessor6 INFO - Processing file /Users/sam/All-Program/App/PropertyClassification/dags/train_pipeline.py for tasks to queue
[2018-05-15 14:19:18,556] {models.py:167} DagFileProcessor6 INFO - Filling up the DagBag from /Users/sam/All-Program/App/PropertyClassification/dags/train_pipeline.py
[2018-05-15 14:19:21,787] {jobs.py:1535} DagFileProcessor6 INFO - DAG(s) dict_keys(['example_bash_operator', 'latest_only_with_trigger', 'example_subdag_operator.section-2', 'example_python_operator', 'example_subdag_operator', 'example_trigger_controller_dag', 'example_trigger_target_dag', 'tutorial', 'example_passing_params_via_test_command', 'example_skip_dag', 'latest_only', 'example_short_circuit_operator', 'example_subdag_operator.section-1', 'PropertyClassification_training_pipeline', 'test_utils', 'example_branch_operator', 'example_branch_dop_operator_v3', 'example_xcom', 'example_http_operator']) retrieved from /Users/sam/All-Program/App/PropertyClassification/dags/train_pipeline.py
/Users/sam/App-Setup/anaconda/envs/anaconda35/lib/python3.5/site-packages/sqlalchemy/sql/default_comparator.py:161: SAWarning: The IN-predicate on "dag_stats.dag_id" was invoked with an empty sequence. This results in a contradiction, which nonetheless can be expensive to evaluate.  Consider alternative strategies for improved performance.
  'strategies for improved performance.' % expr)
/Users/sam/App-Setup/anaconda/envs/anaconda35/lib/python3.5/site-packages/sqlalchemy/sql/default_comparator.py:161: SAWarning: The IN-predicate on "dag_run.dag_id" was invoked with an empty sequence. This results in a contradiction, which nonetheless can be expensive to evaluate.  Consider alternative strategies for improved performance.
  'strategies for improved performance.' % expr)
[2018-05-15 14:19:21,928] {models.py:322} DagFileProcessor6 INFO - Finding 'running' jobs without a recent heartbeat
[2018-05-15 14:19:21,929] {models.py:328} DagFileProcessor6 INFO - Failing jobs without heartbeat after 2018-05-15 14:14:21.929309
[2018-05-15 14:19:21,933] {jobs.py:351} DagFileProcessor6 INFO - Processing /Users/sam/All-Program/App/PropertyClassification/dags/train_pipeline.py took 3.383 seconds
[2018-05-15 14:20:55,752] {jobs.py:343} DagFileProcessor8 INFO - Started process (PID=14740) to work on /Users/sam/All-Program/App/PropertyClassification/dags/train_pipeline.py
[2018-05-15 14:20:55,757] {jobs.py:534} DagFileProcessor8 ERROR - Cannot use more than 1 thread when using sqlite. Setting max_threads to 1
[2018-05-15 14:20:55,759] {jobs.py:1521} DagFileProcessor8 INFO - Processing file /Users/sam/All-Program/App/PropertyClassification/dags/train_pipeline.py for tasks to queue
[2018-05-15 14:20:55,759] {models.py:167} DagFileProcessor8 INFO - Filling up the DagBag from /Users/sam/All-Program/App/PropertyClassification/dags/train_pipeline.py
[2018-05-15 14:20:58,901] {jobs.py:1535} DagFileProcessor8 INFO - DAG(s) dict_keys(['example_bash_operator', 'latest_only_with_trigger', 'example_subdag_operator.section-2', 'example_python_operator', 'example_subdag_operator', 'example_trigger_controller_dag', 'example_trigger_target_dag', 'tutorial', 'example_passing_params_via_test_command', 'example_skip_dag', 'latest_only', 'example_short_circuit_operator', 'example_subdag_operator.section-1', 'PropertyClassification_training_pipeline', 'test_utils', 'example_branch_operator', 'example_branch_dop_operator_v3', 'example_xcom', 'example_http_operator']) retrieved from /Users/sam/All-Program/App/PropertyClassification/dags/train_pipeline.py
/Users/sam/App-Setup/anaconda/envs/anaconda35/lib/python3.5/site-packages/sqlalchemy/sql/default_comparator.py:161: SAWarning: The IN-predicate on "dag_stats.dag_id" was invoked with an empty sequence. This results in a contradiction, which nonetheless can be expensive to evaluate.  Consider alternative strategies for improved performance.
  'strategies for improved performance.' % expr)
/Users/sam/App-Setup/anaconda/envs/anaconda35/lib/python3.5/site-packages/sqlalchemy/sql/default_comparator.py:161: SAWarning: The IN-predicate on "dag_run.dag_id" was invoked with an empty sequence. This results in a contradiction, which nonetheless can be expensive to evaluate.  Consider alternative strategies for improved performance.
  'strategies for improved performance.' % expr)
[2018-05-15 14:20:59,045] {models.py:322} DagFileProcessor8 INFO - Finding 'running' jobs without a recent heartbeat
[2018-05-15 14:20:59,046] {models.py:328} DagFileProcessor8 INFO - Failing jobs without heartbeat after 2018-05-15 14:15:59.046202
[2018-05-15 14:20:59,050] {jobs.py:351} DagFileProcessor8 INFO - Processing /Users/sam/All-Program/App/PropertyClassification/dags/train_pipeline.py took 3.298 seconds
[2018-05-15 14:22:51,240] {jobs.py:343} DagFileProcessor10 INFO - Started process (PID=14860) to work on /Users/sam/All-Program/App/PropertyClassification/dags/train_pipeline.py
[2018-05-15 14:22:51,244] {jobs.py:534} DagFileProcessor10 ERROR - Cannot use more than 1 thread when using sqlite. Setting max_threads to 1
[2018-05-15 14:22:51,246] {jobs.py:1521} DagFileProcessor10 INFO - Processing file /Users/sam/All-Program/App/PropertyClassification/dags/train_pipeline.py for tasks to queue
[2018-05-15 14:22:51,246] {models.py:167} DagFileProcessor10 INFO - Filling up the DagBag from /Users/sam/All-Program/App/PropertyClassification/dags/train_pipeline.py
[2018-05-15 14:22:54,365] {jobs.py:1535} DagFileProcessor10 INFO - DAG(s) dict_keys(['example_bash_operator', 'latest_only_with_trigger', 'example_subdag_operator.section-2', 'example_python_operator', 'example_subdag_operator', 'example_trigger_controller_dag', 'example_trigger_target_dag', 'tutorial', 'example_passing_params_via_test_command', 'example_skip_dag', 'latest_only', 'example_short_circuit_operator', 'example_subdag_operator.section-1', 'PropertyClassification_training_pipeline', 'test_utils', 'example_branch_operator', 'example_branch_dop_operator_v3', 'example_xcom', 'example_http_operator']) retrieved from /Users/sam/All-Program/App/PropertyClassification/dags/train_pipeline.py
/Users/sam/App-Setup/anaconda/envs/anaconda35/lib/python3.5/site-packages/sqlalchemy/sql/default_comparator.py:161: SAWarning: The IN-predicate on "dag_stats.dag_id" was invoked with an empty sequence. This results in a contradiction, which nonetheless can be expensive to evaluate.  Consider alternative strategies for improved performance.
  'strategies for improved performance.' % expr)
/Users/sam/App-Setup/anaconda/envs/anaconda35/lib/python3.5/site-packages/sqlalchemy/sql/default_comparator.py:161: SAWarning: The IN-predicate on "dag_run.dag_id" was invoked with an empty sequence. This results in a contradiction, which nonetheless can be expensive to evaluate.  Consider alternative strategies for improved performance.
  'strategies for improved performance.' % expr)
[2018-05-15 14:22:54,506] {models.py:322} DagFileProcessor10 INFO - Finding 'running' jobs without a recent heartbeat
[2018-05-15 14:22:54,507] {models.py:328} DagFileProcessor10 INFO - Failing jobs without heartbeat after 2018-05-15 14:17:54.507010
[2018-05-15 14:22:54,511] {jobs.py:351} DagFileProcessor10 INFO - Processing /Users/sam/All-Program/App/PropertyClassification/dags/train_pipeline.py took 3.271 seconds
[2018-05-15 14:42:44,246] {jobs.py:343} DagFileProcessor12 INFO - Started process (PID=15441) to work on /Users/sam/All-Program/App/PropertyClassification/dags/train_pipeline.py
[2018-05-15 14:42:44,252] {jobs.py:534} DagFileProcessor12 ERROR - Cannot use more than 1 thread when using sqlite. Setting max_threads to 1
[2018-05-15 14:42:44,253] {jobs.py:1521} DagFileProcessor12 INFO - Processing file /Users/sam/All-Program/App/PropertyClassification/dags/train_pipeline.py for tasks to queue
[2018-05-15 14:42:44,253] {models.py:167} DagFileProcessor12 INFO - Filling up the DagBag from /Users/sam/All-Program/App/PropertyClassification/dags/train_pipeline.py
[2018-05-15 14:42:47,524] {jobs.py:1535} DagFileProcessor12 INFO - DAG(s) dict_keys(['example_bash_operator', 'latest_only_with_trigger', 'example_subdag_operator.section-2', 'example_python_operator', 'example_subdag_operator', 'example_trigger_controller_dag', 'example_trigger_target_dag', 'tutorial', 'example_passing_params_via_test_command', 'example_skip_dag', 'latest_only', 'example_short_circuit_operator', 'example_subdag_operator.section-1', 'PropertyClassification_training_pipeline', 'test_utils', 'example_branch_operator', 'example_branch_dop_operator_v3', 'example_xcom', 'example_http_operator']) retrieved from /Users/sam/All-Program/App/PropertyClassification/dags/train_pipeline.py
/Users/sam/App-Setup/anaconda/envs/anaconda35/lib/python3.5/site-packages/sqlalchemy/sql/default_comparator.py:161: SAWarning: The IN-predicate on "dag_stats.dag_id" was invoked with an empty sequence. This results in a contradiction, which nonetheless can be expensive to evaluate.  Consider alternative strategies for improved performance.
  'strategies for improved performance.' % expr)
/Users/sam/App-Setup/anaconda/envs/anaconda35/lib/python3.5/site-packages/sqlalchemy/sql/default_comparator.py:161: SAWarning: The IN-predicate on "dag_run.dag_id" was invoked with an empty sequence. This results in a contradiction, which nonetheless can be expensive to evaluate.  Consider alternative strategies for improved performance.
  'strategies for improved performance.' % expr)
[2018-05-15 14:42:47,672] {models.py:322} DagFileProcessor12 INFO - Finding 'running' jobs without a recent heartbeat
[2018-05-15 14:42:47,672] {models.py:328} DagFileProcessor12 INFO - Failing jobs without heartbeat after 2018-05-15 14:37:47.672509
[2018-05-15 14:42:47,676] {jobs.py:351} DagFileProcessor12 INFO - Processing /Users/sam/All-Program/App/PropertyClassification/dags/train_pipeline.py took 3.430 seconds
[2018-05-15 15:39:12,349] {jobs.py:343} DagFileProcessor0 INFO - Started process (PID=17104) to work on /Users/sam/All-Program/App/PropertyClassification/dags/train_pipeline.py
[2018-05-15 15:39:12,354] {jobs.py:534} DagFileProcessor0 ERROR - Cannot use more than 1 thread when using sqlite. Setting max_threads to 1
[2018-05-15 15:39:12,355] {jobs.py:1521} DagFileProcessor0 INFO - Processing file /Users/sam/All-Program/App/PropertyClassification/dags/train_pipeline.py for tasks to queue
[2018-05-15 15:39:12,356] {models.py:167} DagFileProcessor0 INFO - Filling up the DagBag from /Users/sam/All-Program/App/PropertyClassification/dags/train_pipeline.py
[2018-05-15 15:39:15,631] {jobs.py:1535} DagFileProcessor0 INFO - DAG(s) dict_keys(['example_subdag_operator', 'latest_only', 'PropertyClassification_training_pipeline', 'example_branch_operator', 'example_http_operator', 'example_xcom', 'example_short_circuit_operator', 'example_trigger_controller_dag', 'example_subdag_operator.section-1', 'example_subdag_operator.section-2', 'example_bash_operator', 'example_skip_dag', 'example_python_operator', 'example_branch_dop_operator_v3', 'example_trigger_target_dag', 'tutorial', 'latest_only_with_trigger', 'example_passing_params_via_test_command', 'test_utils']) retrieved from /Users/sam/All-Program/App/PropertyClassification/dags/train_pipeline.py
/Users/sam/App-Setup/anaconda/envs/anaconda35/lib/python3.5/site-packages/sqlalchemy/sql/default_comparator.py:161: SAWarning: The IN-predicate on "dag_stats.dag_id" was invoked with an empty sequence. This results in a contradiction, which nonetheless can be expensive to evaluate.  Consider alternative strategies for improved performance.
  'strategies for improved performance.' % expr)
/Users/sam/App-Setup/anaconda/envs/anaconda35/lib/python3.5/site-packages/sqlalchemy/sql/default_comparator.py:161: SAWarning: The IN-predicate on "dag_run.dag_id" was invoked with an empty sequence. This results in a contradiction, which nonetheless can be expensive to evaluate.  Consider alternative strategies for improved performance.
  'strategies for improved performance.' % expr)
[2018-05-15 15:39:15,794] {models.py:322} DagFileProcessor0 INFO - Finding 'running' jobs without a recent heartbeat
[2018-05-15 15:39:15,794] {models.py:328} DagFileProcessor0 INFO - Failing jobs without heartbeat after 2018-05-15 15:34:15.794592
[2018-05-15 15:39:15,799] {jobs.py:351} DagFileProcessor0 INFO - Processing /Users/sam/All-Program/App/PropertyClassification/dags/train_pipeline.py took 3.451 seconds
[2018-05-15 15:39:24,168] {jobs.py:343} DagFileProcessor2 INFO - Started process (PID=17119) to work on /Users/sam/All-Program/App/PropertyClassification/dags/train_pipeline.py
[2018-05-15 15:39:24,176] {jobs.py:534} DagFileProcessor2 ERROR - Cannot use more than 1 thread when using sqlite. Setting max_threads to 1
[2018-05-15 15:39:24,178] {jobs.py:1521} DagFileProcessor2 INFO - Processing file /Users/sam/All-Program/App/PropertyClassification/dags/train_pipeline.py for tasks to queue
[2018-05-15 15:39:24,178] {models.py:167} DagFileProcessor2 INFO - Filling up the DagBag from /Users/sam/All-Program/App/PropertyClassification/dags/train_pipeline.py
[2018-05-15 15:39:27,396] {jobs.py:1535} DagFileProcessor2 INFO - DAG(s) dict_keys(['example_subdag_operator', 'latest_only', 'PropertyClassification_training_pipeline', 'example_branch_operator', 'example_http_operator', 'example_xcom', 'example_short_circuit_operator', 'example_trigger_controller_dag', 'example_subdag_operator.section-1', 'example_subdag_operator.section-2', 'example_bash_operator', 'example_skip_dag', 'example_python_operator', 'example_branch_dop_operator_v3', 'example_trigger_target_dag', 'tutorial', 'latest_only_with_trigger', 'example_passing_params_via_test_command', 'test_utils']) retrieved from /Users/sam/All-Program/App/PropertyClassification/dags/train_pipeline.py
/Users/sam/App-Setup/anaconda/envs/anaconda35/lib/python3.5/site-packages/sqlalchemy/sql/default_comparator.py:161: SAWarning: The IN-predicate on "dag_stats.dag_id" was invoked with an empty sequence. This results in a contradiction, which nonetheless can be expensive to evaluate.  Consider alternative strategies for improved performance.
  'strategies for improved performance.' % expr)
/Users/sam/App-Setup/anaconda/envs/anaconda35/lib/python3.5/site-packages/sqlalchemy/sql/default_comparator.py:161: SAWarning: The IN-predicate on "dag_run.dag_id" was invoked with an empty sequence. This results in a contradiction, which nonetheless can be expensive to evaluate.  Consider alternative strategies for improved performance.
  'strategies for improved performance.' % expr)
[2018-05-15 15:39:27,544] {models.py:322} DagFileProcessor2 INFO - Finding 'running' jobs without a recent heartbeat
[2018-05-15 15:39:27,544] {models.py:328} DagFileProcessor2 INFO - Failing jobs without heartbeat after 2018-05-15 15:34:27.544830
[2018-05-15 15:39:27,550] {jobs.py:351} DagFileProcessor2 INFO - Processing /Users/sam/All-Program/App/PropertyClassification/dags/train_pipeline.py took 3.382 seconds
[2018-05-15 15:39:32,944] {jobs.py:343} DagFileProcessor4 INFO - Started process (PID=17134) to work on /Users/sam/All-Program/App/PropertyClassification/dags/train_pipeline.py
[2018-05-15 15:39:32,949] {jobs.py:534} DagFileProcessor4 ERROR - Cannot use more than 1 thread when using sqlite. Setting max_threads to 1
[2018-05-15 15:39:32,950] {jobs.py:1521} DagFileProcessor4 INFO - Processing file /Users/sam/All-Program/App/PropertyClassification/dags/train_pipeline.py for tasks to queue
[2018-05-15 15:39:32,951] {models.py:167} DagFileProcessor4 INFO - Filling up the DagBag from /Users/sam/All-Program/App/PropertyClassification/dags/train_pipeline.py
[2018-05-15 15:39:36,293] {jobs.py:1535} DagFileProcessor4 INFO - DAG(s) dict_keys(['example_subdag_operator', 'latest_only', 'PropertyClassification_training_pipeline', 'example_branch_operator', 'example_http_operator', 'example_xcom', 'example_short_circuit_operator', 'example_trigger_controller_dag', 'example_subdag_operator.section-1', 'example_subdag_operator.section-2', 'example_bash_operator', 'example_skip_dag', 'example_python_operator', 'example_branch_dop_operator_v3', 'example_trigger_target_dag', 'tutorial', 'latest_only_with_trigger', 'example_passing_params_via_test_command', 'test_utils']) retrieved from /Users/sam/All-Program/App/PropertyClassification/dags/train_pipeline.py
/Users/sam/App-Setup/anaconda/envs/anaconda35/lib/python3.5/site-packages/sqlalchemy/sql/default_comparator.py:161: SAWarning: The IN-predicate on "dag_stats.dag_id" was invoked with an empty sequence. This results in a contradiction, which nonetheless can be expensive to evaluate.  Consider alternative strategies for improved performance.
  'strategies for improved performance.' % expr)
/Users/sam/App-Setup/anaconda/envs/anaconda35/lib/python3.5/site-packages/sqlalchemy/sql/default_comparator.py:161: SAWarning: The IN-predicate on "dag_run.dag_id" was invoked with an empty sequence. This results in a contradiction, which nonetheless can be expensive to evaluate.  Consider alternative strategies for improved performance.
  'strategies for improved performance.' % expr)
[2018-05-15 15:39:36,457] {models.py:322} DagFileProcessor4 INFO - Finding 'running' jobs without a recent heartbeat
[2018-05-15 15:39:36,457] {models.py:328} DagFileProcessor4 INFO - Failing jobs without heartbeat after 2018-05-15 15:34:36.457603
[2018-05-15 15:39:36,461] {jobs.py:351} DagFileProcessor4 INFO - Processing /Users/sam/All-Program/App/PropertyClassification/dags/train_pipeline.py took 3.518 seconds
[2018-05-15 15:39:41,937] {jobs.py:343} DagFileProcessor6 INFO - Started process (PID=17155) to work on /Users/sam/All-Program/App/PropertyClassification/dags/train_pipeline.py
[2018-05-15 15:39:41,942] {jobs.py:534} DagFileProcessor6 ERROR - Cannot use more than 1 thread when using sqlite. Setting max_threads to 1
[2018-05-15 15:39:41,943] {jobs.py:1521} DagFileProcessor6 INFO - Processing file /Users/sam/All-Program/App/PropertyClassification/dags/train_pipeline.py for tasks to queue
[2018-05-15 15:39:41,944] {models.py:167} DagFileProcessor6 INFO - Filling up the DagBag from /Users/sam/All-Program/App/PropertyClassification/dags/train_pipeline.py
[2018-05-15 15:39:45,241] {jobs.py:1535} DagFileProcessor6 INFO - DAG(s) dict_keys(['example_subdag_operator', 'latest_only', 'PropertyClassification_training_pipeline', 'example_branch_operator', 'example_http_operator', 'example_xcom', 'example_short_circuit_operator', 'example_trigger_controller_dag', 'example_subdag_operator.section-1', 'example_subdag_operator.section-2', 'example_bash_operator', 'example_skip_dag', 'example_python_operator', 'example_branch_dop_operator_v3', 'example_trigger_target_dag', 'tutorial', 'latest_only_with_trigger', 'example_passing_params_via_test_command', 'test_utils']) retrieved from /Users/sam/All-Program/App/PropertyClassification/dags/train_pipeline.py
/Users/sam/App-Setup/anaconda/envs/anaconda35/lib/python3.5/site-packages/sqlalchemy/sql/default_comparator.py:161: SAWarning: The IN-predicate on "dag_stats.dag_id" was invoked with an empty sequence. This results in a contradiction, which nonetheless can be expensive to evaluate.  Consider alternative strategies for improved performance.
  'strategies for improved performance.' % expr)
/Users/sam/App-Setup/anaconda/envs/anaconda35/lib/python3.5/site-packages/sqlalchemy/sql/default_comparator.py:161: SAWarning: The IN-predicate on "dag_run.dag_id" was invoked with an empty sequence. This results in a contradiction, which nonetheless can be expensive to evaluate.  Consider alternative strategies for improved performance.
  'strategies for improved performance.' % expr)
[2018-05-15 15:39:45,380] {models.py:322} DagFileProcessor6 INFO - Finding 'running' jobs without a recent heartbeat
[2018-05-15 15:39:45,380] {models.py:328} DagFileProcessor6 INFO - Failing jobs without heartbeat after 2018-05-15 15:34:45.380630
[2018-05-15 15:39:45,385] {jobs.py:351} DagFileProcessor6 INFO - Processing /Users/sam/All-Program/App/PropertyClassification/dags/train_pipeline.py took 3.448 seconds
[2018-05-15 15:39:50,564] {jobs.py:343} DagFileProcessor8 INFO - Started process (PID=17170) to work on /Users/sam/All-Program/App/PropertyClassification/dags/train_pipeline.py
[2018-05-15 15:39:50,570] {jobs.py:534} DagFileProcessor8 ERROR - Cannot use more than 1 thread when using sqlite. Setting max_threads to 1
[2018-05-15 15:39:50,572] {jobs.py:1521} DagFileProcessor8 INFO - Processing file /Users/sam/All-Program/App/PropertyClassification/dags/train_pipeline.py for tasks to queue
[2018-05-15 15:39:50,572] {models.py:167} DagFileProcessor8 INFO - Filling up the DagBag from /Users/sam/All-Program/App/PropertyClassification/dags/train_pipeline.py
[2018-05-15 15:39:53,971] {jobs.py:1535} DagFileProcessor8 INFO - DAG(s) dict_keys(['example_subdag_operator', 'latest_only', 'PropertyClassification_training_pipeline', 'example_branch_operator', 'example_http_operator', 'example_xcom', 'example_short_circuit_operator', 'example_trigger_controller_dag', 'example_subdag_operator.section-1', 'example_subdag_operator.section-2', 'example_bash_operator', 'example_skip_dag', 'example_python_operator', 'example_branch_dop_operator_v3', 'example_trigger_target_dag', 'tutorial', 'latest_only_with_trigger', 'example_passing_params_via_test_command', 'test_utils']) retrieved from /Users/sam/All-Program/App/PropertyClassification/dags/train_pipeline.py
/Users/sam/App-Setup/anaconda/envs/anaconda35/lib/python3.5/site-packages/sqlalchemy/sql/default_comparator.py:161: SAWarning: The IN-predicate on "dag_stats.dag_id" was invoked with an empty sequence. This results in a contradiction, which nonetheless can be expensive to evaluate.  Consider alternative strategies for improved performance.
  'strategies for improved performance.' % expr)
/Users/sam/App-Setup/anaconda/envs/anaconda35/lib/python3.5/site-packages/sqlalchemy/sql/default_comparator.py:161: SAWarning: The IN-predicate on "dag_run.dag_id" was invoked with an empty sequence. This results in a contradiction, which nonetheless can be expensive to evaluate.  Consider alternative strategies for improved performance.
  'strategies for improved performance.' % expr)
[2018-05-15 15:39:54,120] {models.py:322} DagFileProcessor8 INFO - Finding 'running' jobs without a recent heartbeat
[2018-05-15 15:39:54,120] {models.py:328} DagFileProcessor8 INFO - Failing jobs without heartbeat after 2018-05-15 15:34:54.120702
[2018-05-15 15:39:54,125] {jobs.py:351} DagFileProcessor8 INFO - Processing /Users/sam/All-Program/App/PropertyClassification/dags/train_pipeline.py took 3.561 seconds
[2018-05-15 15:39:59,452] {jobs.py:343} DagFileProcessor10 INFO - Started process (PID=17183) to work on /Users/sam/All-Program/App/PropertyClassification/dags/train_pipeline.py
[2018-05-15 15:39:59,457] {jobs.py:534} DagFileProcessor10 ERROR - Cannot use more than 1 thread when using sqlite. Setting max_threads to 1
[2018-05-15 15:39:59,459] {jobs.py:1521} DagFileProcessor10 INFO - Processing file /Users/sam/All-Program/App/PropertyClassification/dags/train_pipeline.py for tasks to queue
[2018-05-15 15:39:59,459] {models.py:167} DagFileProcessor10 INFO - Filling up the DagBag from /Users/sam/All-Program/App/PropertyClassification/dags/train_pipeline.py
[2018-05-15 15:40:02,922] {jobs.py:1535} DagFileProcessor10 INFO - DAG(s) dict_keys(['example_subdag_operator', 'latest_only', 'PropertyClassification_training_pipeline', 'example_branch_operator', 'example_http_operator', 'example_xcom', 'example_short_circuit_operator', 'example_trigger_controller_dag', 'example_subdag_operator.section-1', 'example_subdag_operator.section-2', 'example_bash_operator', 'example_skip_dag', 'example_python_operator', 'example_branch_dop_operator_v3', 'example_trigger_target_dag', 'tutorial', 'latest_only_with_trigger', 'example_passing_params_via_test_command', 'test_utils']) retrieved from /Users/sam/All-Program/App/PropertyClassification/dags/train_pipeline.py
/Users/sam/App-Setup/anaconda/envs/anaconda35/lib/python3.5/site-packages/sqlalchemy/sql/default_comparator.py:161: SAWarning: The IN-predicate on "dag_stats.dag_id" was invoked with an empty sequence. This results in a contradiction, which nonetheless can be expensive to evaluate.  Consider alternative strategies for improved performance.
  'strategies for improved performance.' % expr)
/Users/sam/App-Setup/anaconda/envs/anaconda35/lib/python3.5/site-packages/sqlalchemy/sql/default_comparator.py:161: SAWarning: The IN-predicate on "dag_run.dag_id" was invoked with an empty sequence. This results in a contradiction, which nonetheless can be expensive to evaluate.  Consider alternative strategies for improved performance.
  'strategies for improved performance.' % expr)
[2018-05-15 15:40:03,057] {models.py:322} DagFileProcessor10 INFO - Finding 'running' jobs without a recent heartbeat
[2018-05-15 15:40:03,057] {models.py:328} DagFileProcessor10 INFO - Failing jobs without heartbeat after 2018-05-15 15:35:03.057843
[2018-05-15 15:40:03,061] {jobs.py:351} DagFileProcessor10 INFO - Processing /Users/sam/All-Program/App/PropertyClassification/dags/train_pipeline.py took 3.610 seconds
[2018-05-15 15:40:08,646] {jobs.py:343} DagFileProcessor12 INFO - Started process (PID=17197) to work on /Users/sam/All-Program/App/PropertyClassification/dags/train_pipeline.py
[2018-05-15 15:40:08,651] {jobs.py:534} DagFileProcessor12 ERROR - Cannot use more than 1 thread when using sqlite. Setting max_threads to 1
[2018-05-15 15:40:08,652] {jobs.py:1521} DagFileProcessor12 INFO - Processing file /Users/sam/All-Program/App/PropertyClassification/dags/train_pipeline.py for tasks to queue
[2018-05-15 15:40:08,652] {models.py:167} DagFileProcessor12 INFO - Filling up the DagBag from /Users/sam/All-Program/App/PropertyClassification/dags/train_pipeline.py
[2018-05-15 15:40:12,007] {jobs.py:1535} DagFileProcessor12 INFO - DAG(s) dict_keys(['example_subdag_operator', 'latest_only', 'PropertyClassification_training_pipeline', 'example_branch_operator', 'example_http_operator', 'example_xcom', 'example_short_circuit_operator', 'example_trigger_controller_dag', 'example_subdag_operator.section-1', 'example_subdag_operator.section-2', 'example_bash_operator', 'example_skip_dag', 'example_python_operator', 'example_branch_dop_operator_v3', 'example_trigger_target_dag', 'tutorial', 'latest_only_with_trigger', 'example_passing_params_via_test_command', 'test_utils']) retrieved from /Users/sam/All-Program/App/PropertyClassification/dags/train_pipeline.py
/Users/sam/App-Setup/anaconda/envs/anaconda35/lib/python3.5/site-packages/sqlalchemy/sql/default_comparator.py:161: SAWarning: The IN-predicate on "dag_stats.dag_id" was invoked with an empty sequence. This results in a contradiction, which nonetheless can be expensive to evaluate.  Consider alternative strategies for improved performance.
  'strategies for improved performance.' % expr)
/Users/sam/App-Setup/anaconda/envs/anaconda35/lib/python3.5/site-packages/sqlalchemy/sql/default_comparator.py:161: SAWarning: The IN-predicate on "dag_run.dag_id" was invoked with an empty sequence. This results in a contradiction, which nonetheless can be expensive to evaluate.  Consider alternative strategies for improved performance.
  'strategies for improved performance.' % expr)
[2018-05-15 15:40:12,171] {models.py:322} DagFileProcessor12 INFO - Finding 'running' jobs without a recent heartbeat
[2018-05-15 15:40:12,172] {models.py:328} DagFileProcessor12 INFO - Failing jobs without heartbeat after 2018-05-15 15:35:12.172395
[2018-05-15 15:40:12,177] {jobs.py:351} DagFileProcessor12 INFO - Processing /Users/sam/All-Program/App/PropertyClassification/dags/train_pipeline.py took 3.531 seconds
[2018-05-15 15:40:17,544] {jobs.py:343} DagFileProcessor14 INFO - Started process (PID=17214) to work on /Users/sam/All-Program/App/PropertyClassification/dags/train_pipeline.py
[2018-05-15 15:40:17,549] {jobs.py:534} DagFileProcessor14 ERROR - Cannot use more than 1 thread when using sqlite. Setting max_threads to 1
[2018-05-15 15:40:17,551] {jobs.py:1521} DagFileProcessor14 INFO - Processing file /Users/sam/All-Program/App/PropertyClassification/dags/train_pipeline.py for tasks to queue
[2018-05-15 15:40:17,551] {models.py:167} DagFileProcessor14 INFO - Filling up the DagBag from /Users/sam/All-Program/App/PropertyClassification/dags/train_pipeline.py
[2018-05-15 15:40:21,002] {jobs.py:1535} DagFileProcessor14 INFO - DAG(s) dict_keys(['example_subdag_operator', 'latest_only', 'PropertyClassification_training_pipeline', 'example_branch_operator', 'example_http_operator', 'example_xcom', 'example_short_circuit_operator', 'example_trigger_controller_dag', 'example_subdag_operator.section-1', 'example_subdag_operator.section-2', 'example_bash_operator', 'example_skip_dag', 'example_python_operator', 'example_branch_dop_operator_v3', 'example_trigger_target_dag', 'tutorial', 'latest_only_with_trigger', 'example_passing_params_via_test_command', 'test_utils']) retrieved from /Users/sam/All-Program/App/PropertyClassification/dags/train_pipeline.py
/Users/sam/App-Setup/anaconda/envs/anaconda35/lib/python3.5/site-packages/sqlalchemy/sql/default_comparator.py:161: SAWarning: The IN-predicate on "dag_stats.dag_id" was invoked with an empty sequence. This results in a contradiction, which nonetheless can be expensive to evaluate.  Consider alternative strategies for improved performance.
  'strategies for improved performance.' % expr)
/Users/sam/App-Setup/anaconda/envs/anaconda35/lib/python3.5/site-packages/sqlalchemy/sql/default_comparator.py:161: SAWarning: The IN-predicate on "dag_run.dag_id" was invoked with an empty sequence. This results in a contradiction, which nonetheless can be expensive to evaluate.  Consider alternative strategies for improved performance.
  'strategies for improved performance.' % expr)
[2018-05-15 15:40:21,176] {models.py:322} DagFileProcessor14 INFO - Finding 'running' jobs without a recent heartbeat
[2018-05-15 15:40:21,177] {models.py:328} DagFileProcessor14 INFO - Failing jobs without heartbeat after 2018-05-15 15:35:21.177292
[2018-05-15 15:40:21,181] {jobs.py:351} DagFileProcessor14 INFO - Processing /Users/sam/All-Program/App/PropertyClassification/dags/train_pipeline.py took 3.637 seconds
[2018-05-15 15:40:27,512] {jobs.py:343} DagFileProcessor16 INFO - Started process (PID=17241) to work on /Users/sam/All-Program/App/PropertyClassification/dags/train_pipeline.py
[2018-05-15 15:40:27,517] {jobs.py:534} DagFileProcessor16 ERROR - Cannot use more than 1 thread when using sqlite. Setting max_threads to 1
[2018-05-15 15:40:27,518] {jobs.py:1521} DagFileProcessor16 INFO - Processing file /Users/sam/All-Program/App/PropertyClassification/dags/train_pipeline.py for tasks to queue
[2018-05-15 15:40:27,518] {models.py:167} DagFileProcessor16 INFO - Filling up the DagBag from /Users/sam/All-Program/App/PropertyClassification/dags/train_pipeline.py
[2018-05-15 15:40:30,930] {jobs.py:1535} DagFileProcessor16 INFO - DAG(s) dict_keys(['example_subdag_operator', 'latest_only', 'PropertyClassification_training_pipeline', 'example_branch_operator', 'example_http_operator', 'example_xcom', 'example_short_circuit_operator', 'example_trigger_controller_dag', 'example_subdag_operator.section-1', 'example_subdag_operator.section-2', 'example_bash_operator', 'example_skip_dag', 'example_python_operator', 'example_branch_dop_operator_v3', 'example_trigger_target_dag', 'tutorial', 'latest_only_with_trigger', 'example_passing_params_via_test_command', 'test_utils']) retrieved from /Users/sam/All-Program/App/PropertyClassification/dags/train_pipeline.py
/Users/sam/App-Setup/anaconda/envs/anaconda35/lib/python3.5/site-packages/sqlalchemy/sql/default_comparator.py:161: SAWarning: The IN-predicate on "dag_stats.dag_id" was invoked with an empty sequence. This results in a contradiction, which nonetheless can be expensive to evaluate.  Consider alternative strategies for improved performance.
  'strategies for improved performance.' % expr)
/Users/sam/App-Setup/anaconda/envs/anaconda35/lib/python3.5/site-packages/sqlalchemy/sql/default_comparator.py:161: SAWarning: The IN-predicate on "dag_run.dag_id" was invoked with an empty sequence. This results in a contradiction, which nonetheless can be expensive to evaluate.  Consider alternative strategies for improved performance.
  'strategies for improved performance.' % expr)
[2018-05-15 15:40:31,085] {models.py:322} DagFileProcessor16 INFO - Finding 'running' jobs without a recent heartbeat
[2018-05-15 15:40:31,125] {models.py:328} DagFileProcessor16 INFO - Failing jobs without heartbeat after 2018-05-15 15:35:31.124928
[2018-05-15 15:40:31,139] {jobs.py:351} DagFileProcessor16 INFO - Processing /Users/sam/All-Program/App/PropertyClassification/dags/train_pipeline.py took 3.627 seconds
[2018-05-15 15:40:47,828] {jobs.py:343} DagFileProcessor1 INFO - Started process (PID=17306) to work on /Users/sam/All-Program/App/PropertyClassification/dags/train_pipeline.py
[2018-05-15 15:40:47,833] {jobs.py:534} DagFileProcessor1 ERROR - Cannot use more than 1 thread when using sqlite. Setting max_threads to 1
[2018-05-15 15:40:47,834] {jobs.py:1521} DagFileProcessor1 INFO - Processing file /Users/sam/All-Program/App/PropertyClassification/dags/train_pipeline.py for tasks to queue
[2018-05-15 15:40:47,835] {models.py:167} DagFileProcessor1 INFO - Filling up the DagBag from /Users/sam/All-Program/App/PropertyClassification/dags/train_pipeline.py
[2018-05-15 15:40:51,218] {jobs.py:1535} DagFileProcessor1 INFO - DAG(s) dict_keys(['example_trigger_target_dag', 'example_xcom', 'example_bash_operator', 'example_branch_operator', 'example_http_operator', 'example_subdag_operator', 'example_skip_dag', 'PropertyClassification_training_pipeline', 'example_branch_dop_operator_v3', 'example_python_operator', 'example_subdag_operator.section-1', 'example_short_circuit_operator', 'example_trigger_controller_dag', 'tutorial', 'example_subdag_operator.section-2', 'latest_only', 'example_passing_params_via_test_command', 'test_utils', 'latest_only_with_trigger']) retrieved from /Users/sam/All-Program/App/PropertyClassification/dags/train_pipeline.py
/Users/sam/App-Setup/anaconda/envs/anaconda35/lib/python3.5/site-packages/sqlalchemy/sql/default_comparator.py:161: SAWarning: The IN-predicate on "dag_stats.dag_id" was invoked with an empty sequence. This results in a contradiction, which nonetheless can be expensive to evaluate.  Consider alternative strategies for improved performance.
  'strategies for improved performance.' % expr)
/Users/sam/App-Setup/anaconda/envs/anaconda35/lib/python3.5/site-packages/sqlalchemy/sql/default_comparator.py:161: SAWarning: The IN-predicate on "dag_run.dag_id" was invoked with an empty sequence. This results in a contradiction, which nonetheless can be expensive to evaluate.  Consider alternative strategies for improved performance.
  'strategies for improved performance.' % expr)
[2018-05-15 15:40:51,367] {models.py:322} DagFileProcessor1 INFO - Finding 'running' jobs without a recent heartbeat
[2018-05-15 15:40:51,368] {models.py:328} DagFileProcessor1 INFO - Failing jobs without heartbeat after 2018-05-15 15:35:51.368338
[2018-05-15 15:40:51,372] {jobs.py:351} DagFileProcessor1 INFO - Processing /Users/sam/All-Program/App/PropertyClassification/dags/train_pipeline.py took 3.544 seconds
