2018-02-13 19:26:04,449 INFO     Images reshaped to: [224, 224]
2018-02-13 19:26:04,454 INFO     Images reshaped to: [224, 224]
2018-02-13 19:26:04,458 INFO     Images reshaped to: [224, 224]
2018-02-13 19:26:04,461 INFO     Images reshaped to: [224, 224]
2018-02-13 19:26:04,464 INFO     Images reshaped to: [224, 224]
2018-02-13 19:26:04,467 INFO     Images reshaped to: [224, 224]
2018-02-13 19:26:04,471 INFO     Images reshaped to: [224, 224]
2018-02-13 19:26:04,475 INFO     Images reshaped to: [224, 224]
2018-02-13 19:26:04,479 INFO     Images reshaped to: [224, 224]
2018-02-13 19:26:04,482 INFO     Images reshaped to: [224, 224]
2018-02-13 19:26:04,485 INFO     Images reshaped to: [224, 224]
2018-02-13 19:26:04,489 INFO     Images reshaped to: [224, 224]
2018-02-13 19:26:04,493 INFO     Images reshaped to: [224, 224]
2018-02-13 19:26:04,496 INFO     Images reshaped to: [224, 224]
2018-02-13 19:26:04,499 INFO     Images reshaped to: [224, 224]
2018-02-13 19:26:04,503 INFO     Images reshaped to: [224, 224]
2018-02-13 19:26:04,507 INFO     Images reshaped to: [224, 224]
2018-02-13 19:26:04,510 INFO     Images reshaped to: [224, 224]
2018-02-13 19:26:04,513 INFO     Images reshaped to: [224, 224]
2018-02-13 19:26:04,516 INFO     Images reshaped to: [224, 224]
2018-02-13 19:26:04,517 INFO     DATA FORMATTER: Dumping the pickle file cv.pickle to disk, dataX shape = (20, 224, 224, 3), dataY shape = (20,)
2018-02-13 19:26:04,549 INFO     Validation Land Size: 10, Validation House Size: 10, Training Land Size: 17, Training House Size: 57
2018-02-13 19:26:04,550 INFO     Creating BATCH 0 .......... 
2018-02-13 19:26:04,550 INFO     Bigger: len(bigger) >= idx2 
2018-02-13 19:26:04,550 INFO     Smaller: len(Smaller) >= idx2 
2018-02-13 19:26:04,553 INFO     Images reshaped to: [224, 224]
2018-02-13 19:26:04,557 INFO     Images reshaped to: [224, 224]
2018-02-13 19:26:04,559 INFO     Images reshaped to: [224, 224]
2018-02-13 19:26:04,562 INFO     Images reshaped to: [224, 224]
2018-02-13 19:26:04,565 INFO     Images reshaped to: [224, 224]
2018-02-13 19:26:04,568 INFO     Images reshaped to: [224, 224]
2018-02-13 19:26:04,570 INFO     Images reshaped to: [224, 224]
2018-02-13 19:26:04,573 INFO     Images reshaped to: [224, 224]
2018-02-13 19:26:04,576 INFO     Images reshaped to: [224, 224]
2018-02-13 19:26:04,579 INFO     Images reshaped to: [224, 224]
2018-02-13 19:26:04,581 INFO     Images reshaped to: [224, 224]
2018-02-13 19:26:04,584 INFO     Images reshaped to: [224, 224]
2018-02-13 19:26:04,587 INFO     Images reshaped to: [224, 224]
2018-02-13 19:26:04,590 INFO     Images reshaped to: [224, 224]
2018-02-13 19:26:04,593 INFO     Images reshaped to: [224, 224]
2018-02-13 19:26:04,596 INFO     Images reshaped to: [224, 224]
2018-02-13 19:26:04,598 INFO     Images reshaped to: [224, 224]
2018-02-13 19:26:04,601 INFO     Images reshaped to: [224, 224]
2018-02-13 19:26:04,604 INFO     Images reshaped to: [224, 224]
2018-02-13 19:26:04,607 INFO     Images reshaped to: [224, 224]
2018-02-13 19:26:04,608 INFO     DATA FORMATTER: Dumping the pickle file tr1.pickle to disk, dataX shape = (20, 224, 224, 3), dataY shape = (20,)
2018-02-13 19:26:04,627 INFO     Creating BATCH 1 .......... 
2018-02-13 19:26:04,627 INFO     Bigger: len(bigger) >= idx2 
2018-02-13 19:26:04,627 INFO     Smaller: idx1 < len(Smaller) < idx2 
2018-02-13 19:26:04,630 INFO     Images reshaped to: [224, 224]
2018-02-13 19:26:04,633 INFO     Images reshaped to: [224, 224]
2018-02-13 19:26:04,635 INFO     Images reshaped to: [224, 224]
2018-02-13 19:26:04,638 INFO     Images reshaped to: [224, 224]
2018-02-13 19:26:04,641 INFO     Images reshaped to: [224, 224]
2018-02-13 19:26:04,644 INFO     Images reshaped to: [224, 224]
2018-02-13 19:26:04,646 INFO     Images reshaped to: [224, 224]
2018-02-13 19:26:04,649 INFO     Images reshaped to: [224, 224]
2018-02-13 19:26:04,652 INFO     Images reshaped to: [224, 224]
2018-02-13 19:26:04,655 INFO     Images reshaped to: [224, 224]
2018-02-13 19:26:04,657 INFO     Images reshaped to: [224, 224]
2018-02-13 19:26:04,660 INFO     Images reshaped to: [224, 224]
2018-02-13 19:26:04,663 INFO     Images reshaped to: [224, 224]
2018-02-13 19:26:04,665 INFO     Images reshaped to: [224, 224]
2018-02-13 19:26:04,668 INFO     Images reshaped to: [224, 224]
2018-02-13 19:26:04,671 INFO     Images reshaped to: [224, 224]
2018-02-13 19:26:04,674 INFO     Images reshaped to: [224, 224]
2018-02-13 19:26:04,677 INFO     Images reshaped to: [224, 224]
2018-02-13 19:26:04,680 INFO     Images reshaped to: [224, 224]
2018-02-13 19:26:04,683 INFO     Images reshaped to: [224, 224]
2018-02-13 19:26:04,685 INFO     DATA FORMATTER: Dumping the pickle file tr2.pickle to disk, dataX shape = (20, 224, 224, 3), dataY shape = (20,)
2018-02-13 19:26:04,698 INFO     Creating BATCH 2 .......... 
2018-02-13 19:26:04,698 INFO     Bigger: len(bigger) >= idx2 
2018-02-13 19:26:04,698 INFO     Smaller: len(Smaller) < idx1 < idx2 
2018-02-13 19:26:04,701 INFO     Images reshaped to: [224, 224]
2018-02-13 19:26:04,704 INFO     Images reshaped to: [224, 224]
2018-02-13 19:26:04,707 INFO     Images reshaped to: [224, 224]
2018-02-13 19:26:04,709 INFO     Images reshaped to: [224, 224]
2018-02-13 19:26:04,712 INFO     Images reshaped to: [224, 224]
2018-02-13 19:26:04,715 INFO     Images reshaped to: [224, 224]
2018-02-13 19:26:04,718 INFO     Images reshaped to: [224, 224]
2018-02-13 19:26:04,721 INFO     Images reshaped to: [224, 224]
2018-02-13 19:26:04,724 INFO     Images reshaped to: [224, 224]
2018-02-13 19:26:04,727 INFO     Images reshaped to: [224, 224]
2018-02-13 19:26:04,730 INFO     Images reshaped to: [224, 224]
2018-02-13 19:26:04,733 INFO     Images reshaped to: [224, 224]
2018-02-13 19:26:04,736 INFO     Images reshaped to: [224, 224]
2018-02-13 19:26:04,739 INFO     Images reshaped to: [224, 224]
2018-02-13 19:26:04,742 INFO     Images reshaped to: [224, 224]
2018-02-13 19:26:04,745 INFO     Images reshaped to: [224, 224]
2018-02-13 19:26:04,748 INFO     Images reshaped to: [224, 224]
2018-02-13 19:26:04,751 INFO     Images reshaped to: [224, 224]
2018-02-13 19:26:04,754 INFO     Images reshaped to: [224, 224]
2018-02-13 19:26:04,759 INFO     Images reshaped to: [224, 224]
2018-02-13 19:26:04,760 INFO     DATA FORMATTER: Dumping the pickle file tr3.pickle to disk, dataX shape = (20, 224, 224, 3), dataY shape = (20,)
2018-02-13 19:26:04,784 INFO     Creating BATCH 3 .......... 
2018-02-13 19:26:04,784 INFO     Bigger: len(bigger) >= idx2 
2018-02-13 19:26:04,784 INFO     Smaller: len(Smaller) < idx1 < idx2 
2018-02-13 19:26:04,789 INFO     Images reshaped to: [224, 224]
2018-02-13 19:26:04,794 INFO     Images reshaped to: [224, 224]
2018-02-13 19:26:04,797 INFO     Images reshaped to: [224, 224]
2018-02-13 19:26:04,800 INFO     Images reshaped to: [224, 224]
2018-02-13 19:26:04,803 INFO     Images reshaped to: [224, 224]
2018-02-13 19:26:04,807 INFO     Images reshaped to: [224, 224]
2018-02-13 19:26:04,810 INFO     Images reshaped to: [224, 224]
2018-02-13 19:26:04,813 INFO     Images reshaped to: [224, 224]
2018-02-13 19:26:04,816 INFO     Images reshaped to: [224, 224]
2018-02-13 19:26:04,819 INFO     Images reshaped to: [224, 224]
2018-02-13 19:26:04,824 INFO     Images reshaped to: [224, 224]
2018-02-13 19:26:04,829 INFO     Images reshaped to: [224, 224]
2018-02-13 19:26:04,831 INFO     Images reshaped to: [224, 224]
2018-02-13 19:26:04,834 INFO     Images reshaped to: [224, 224]
2018-02-13 19:26:04,837 INFO     Images reshaped to: [224, 224]
2018-02-13 19:26:04,839 INFO     Images reshaped to: [224, 224]
2018-02-13 19:26:04,842 INFO     Images reshaped to: [224, 224]
2018-02-13 19:26:04,845 INFO     Images reshaped to: [224, 224]
2018-02-13 19:26:04,847 INFO     Images reshaped to: [224, 224]
2018-02-13 19:26:04,850 INFO     Images reshaped to: [224, 224]
2018-02-13 19:26:04,852 INFO     DATA FORMATTER: Dumping the pickle file tr4.pickle to disk, dataX shape = (20, 224, 224, 3), dataY shape = (20,)
2018-02-13 19:26:04,866 INFO     Creating BATCH 4 .......... 
2018-02-13 19:26:04,867 INFO     Bigger: len(bigger) >= idx2 
2018-02-13 19:26:04,867 INFO     Smaller: len(Smaller) < idx1 < idx2 
2018-02-13 19:26:04,870 INFO     Images reshaped to: [224, 224]
2018-02-13 19:26:04,873 INFO     Images reshaped to: [224, 224]
2018-02-13 19:26:04,875 INFO     Images reshaped to: [224, 224]
2018-02-13 19:26:04,878 INFO     Images reshaped to: [224, 224]
2018-02-13 19:26:04,881 INFO     Images reshaped to: [224, 224]
2018-02-13 19:26:04,883 INFO     Images reshaped to: [224, 224]
2018-02-13 19:26:04,886 INFO     Images reshaped to: [224, 224]
2018-02-13 19:26:04,889 INFO     Images reshaped to: [224, 224]
2018-02-13 19:26:04,892 INFO     Images reshaped to: [224, 224]
2018-02-13 19:26:04,895 INFO     Images reshaped to: [224, 224]
2018-02-13 19:26:04,898 INFO     Images reshaped to: [224, 224]
2018-02-13 19:26:04,900 INFO     Images reshaped to: [224, 224]
2018-02-13 19:26:04,903 INFO     Images reshaped to: [224, 224]
2018-02-13 19:26:04,906 INFO     Images reshaped to: [224, 224]
2018-02-13 19:26:04,908 INFO     Images reshaped to: [224, 224]
2018-02-13 19:26:04,911 INFO     Images reshaped to: [224, 224]
2018-02-13 19:26:04,914 INFO     Images reshaped to: [224, 224]
2018-02-13 19:26:04,916 INFO     Images reshaped to: [224, 224]
2018-02-13 19:26:04,919 INFO     Images reshaped to: [224, 224]
2018-02-13 19:26:04,922 INFO     Images reshaped to: [224, 224]
2018-02-13 19:26:04,924 INFO     DATA FORMATTER: Dumping the pickle file tr5.pickle to disk, dataX shape = (20, 224, 224, 3), dataY shape = (20,)
2018-02-13 19:26:04,942 INFO     Creating BATCH 5 .......... 
2018-02-13 19:26:04,943 INFO     Bigger: idx1 < len(bigger) < idx2 
2018-02-13 19:26:04,943 INFO     Smaller: len(Smaller) < idx1 < idx2 
2018-02-13 19:26:04,945 INFO     Images reshaped to: [224, 224]
2018-02-13 19:26:04,948 INFO     Images reshaped to: [224, 224]
2018-02-13 19:26:04,952 INFO     Images reshaped to: [224, 224]
2018-02-13 19:26:04,955 INFO     Images reshaped to: [224, 224]
2018-02-13 19:26:04,958 INFO     Images reshaped to: [224, 224]
2018-02-13 19:26:04,961 INFO     Images reshaped to: [224, 224]
2018-02-13 19:26:04,963 INFO     Images reshaped to: [224, 224]
2018-02-13 19:26:04,966 INFO     Images reshaped to: [224, 224]
2018-02-13 19:26:04,969 INFO     Images reshaped to: [224, 224]
2018-02-13 19:26:04,973 INFO     Images reshaped to: [224, 224]
2018-02-13 19:26:04,976 INFO     Images reshaped to: [224, 224]
2018-02-13 19:26:04,979 INFO     Images reshaped to: [224, 224]
2018-02-13 19:26:04,982 INFO     Images reshaped to: [224, 224]
2018-02-13 19:26:04,985 INFO     Images reshaped to: [224, 224]
2018-02-13 19:26:04,988 INFO     Images reshaped to: [224, 224]
2018-02-13 19:26:04,992 INFO     Images reshaped to: [224, 224]
2018-02-13 19:26:04,995 INFO     Images reshaped to: [224, 224]
2018-02-13 19:26:04,998 INFO     Images reshaped to: [224, 224]
2018-02-13 19:26:05,001 INFO     Images reshaped to: [224, 224]
2018-02-13 19:26:05,006 INFO     Images reshaped to: [224, 224]
2018-02-13 19:26:05,008 INFO     DATA FORMATTER: Dumping the pickle file tr6.pickle to disk, dataX shape = (20, 224, 224, 3), dataY shape = (20,)
