2018-02-10 23:56:37,487 INFO     Metadata shape: (259195, 18)
2018-02-10 23:56:38,476 INFO     Metadata after removing test data set shape: (220364, 18)
2018-02-10 23:56:38,549 INFO     Metadata after retaining last_reviewed_timestamp: (126389, 18)
2018-02-10 23:56:38,561 INFO     Metadata Head: 
     row_id  removed  property_id state county_name                 pin  \
3        3        0       499854    IL        Cook  01-01-109-001-0000   
7        7        0       499858    IL        Cook  01-01-122-010-0000   
12      12        0       499865    IL        Cook  01-01-208-004-0000   
13      13        0       499866    IL        Cook  01-01-211-033-1011   
14      14        0       499867    IL        Cook  01-01-212-038-0000   

        address_line1 address_line2 address_city  address_zip       zoning  \
3         323 MAIN ST           nan   BARRINGTON  600104305.0  Residential   
7      540 S HOUGH ST           nan   BARRINGTON      60010.0  Residential   
12    215 KAINER AVE            nan   BARRINGTON  600104644.0  Residential   
13    354 EASTERN AVE           nan   BARRINGTON      60010.0  Residential   
14  407 E RUSSELL ST            nan   BARRINGTON      60010.0  Residential   

   improvement_level           type exterior  last_reviewed_timestamp  \
3           Improved         2 Flat    Frame  2017-05-25 04:42:26.850   
7           Improved  Single Family    Frame  2017-02-22 14:36:17.880   
12          Improved            nan      nan  2016-09-16 12:54:41.260   
13       Condominium     Condo Unit    Brick  2017-02-10 21:21:30.520   
14          Improved  Single Family    Frame  2017-02-10 21:21:30.520   

   gone_timestamp     indicator  \
3             nan  Likely House   
7             nan  Likely House   
12            nan  Likely House   
13            nan  Likely House   
14            nan  Likely House   

                                       assessor_photo  
3   http://www.cookcountyassessor.com/PropertyImag...  
7   http://www.cookcountyassessor.com/PropertyImag...  
12  http://www.cookcountyassessor.com/PropertyImag...  
13  http://www.cookcountyassessor.com/PropertyImag...  
14  http://www.cookcountyassessor.com/PropertyImag...  
2018-02-10 23:56:38,733 INFO     Running Record number: 0
2018-02-10 23:56:38,733 INFO     lat_lon fetch URL: https://dev.virtualearth.net/REST/v1/Locations/US/IL/BARRINGTON/323%20MAIN%20ST?o=json&key=As1SMhbktDgHnBoak6XDezSKFHbgjCqLW4CAVx2s2601KLW_y6cM6vk5qb2C-wFA
2018-02-10 23:56:39,239 INFO     Running with Zoom: 21
2018-02-10 23:56:39,239 INFO     aerial fetch URL: https://dev.virtualearth.net/REST/v1/Imagery/Metadata/Aerial/42.15394,-88.1416?zl=21&o=json&key=As1SMhbktDgHnBoak6XDezSKFHbgjCqLW4CAVx2s2601KLW_y6cM6vk5qb2C-wFA
2018-02-10 23:56:39,501 INFO     Running with Zoom: 20
2018-02-10 23:56:39,501 INFO     aerial fetch URL: https://dev.virtualearth.net/REST/v1/Imagery/Metadata/Aerial/42.15394,-88.1416?zl=20&o=json&key=As1SMhbktDgHnBoak6XDezSKFHbgjCqLW4CAVx2s2601KLW_y6cM6vk5qb2C-wFA
2018-02-10 23:56:39,781 INFO     Running with Zoom: 19
2018-02-10 23:56:39,782 INFO     aerial fetch URL: https://dev.virtualearth.net/REST/v1/Imagery/Metadata/Aerial/42.15394,-88.1416?zl=19&o=json&key=As1SMhbktDgHnBoak6XDezSKFHbgjCqLW4CAVx2s2601KLW_y6cM6vk5qb2C-wFA
2018-02-10 23:56:40,107 DEBUG    Starting new HTTP connection (1): ecn.t0.tiles.virtualearth.net
2018-02-10 23:56:40,188 DEBUG    http://ecn.t0.tiles.virtualearth.net:80 "GET /tiles/a0302222123210030030.jpeg?g=6293 HTTP/1.1" 200 9665
2018-02-10 23:56:40,190 INFO     Running Record number: 1
2018-02-10 23:56:40,190 INFO     lat_lon fetch URL: https://dev.virtualearth.net/REST/v1/Locations/US/IL/BARRINGTON/60010/540%20S%20HOUGH%20ST?o=json&key=As1SMhbktDgHnBoak6XDezSKFHbgjCqLW4CAVx2s2601KLW_y6cM6vk5qb2C-wFA
2018-02-10 23:56:40,601 INFO     Running with Zoom: 21
2018-02-10 23:56:40,601 INFO     aerial fetch URL: https://dev.virtualearth.net/REST/v1/Imagery/Metadata/Aerial/42.14905,-88.13656?zl=21&o=json&key=As1SMhbktDgHnBoak6XDezSKFHbgjCqLW4CAVx2s2601KLW_y6cM6vk5qb2C-wFA
2018-02-10 23:56:40,841 INFO     Running with Zoom: 20
2018-02-10 23:56:40,841 INFO     aerial fetch URL: https://dev.virtualearth.net/REST/v1/Imagery/Metadata/Aerial/42.14905,-88.13656?zl=20&o=json&key=As1SMhbktDgHnBoak6XDezSKFHbgjCqLW4CAVx2s2601KLW_y6cM6vk5qb2C-wFA
2018-02-10 23:56:41,101 INFO     Running with Zoom: 19
2018-02-10 23:56:41,102 INFO     aerial fetch URL: https://dev.virtualearth.net/REST/v1/Imagery/Metadata/Aerial/42.14905,-88.13656?zl=19&o=json&key=As1SMhbktDgHnBoak6XDezSKFHbgjCqLW4CAVx2s2601KLW_y6cM6vk5qb2C-wFA
2018-02-10 23:56:41,409 DEBUG    Starting new HTTP connection (1): ecn.t1.tiles.virtualearth.net
2018-02-10 23:56:41,489 DEBUG    http://ecn.t1.tiles.virtualearth.net:80 "GET /tiles/a0302222123210033201.jpeg?g=6293 HTTP/1.1" 200 8900
2018-02-10 23:56:41,492 INFO     Running Record number: 2
2018-02-10 23:56:41,492 INFO     lat_lon fetch URL: https://dev.virtualearth.net/REST/v1/Locations/US/IL/BARRINGTON/60010/215%20KAINER%20AVE?o=json&key=As1SMhbktDgHnBoak6XDezSKFHbgjCqLW4CAVx2s2601KLW_y6cM6vk5qb2C-wFA
2018-02-10 23:56:41,853 INFO     Running with Zoom: 21
2018-02-10 23:56:41,853 INFO     aerial fetch URL: https://dev.virtualearth.net/REST/v1/Imagery/Metadata/Aerial/42.151415,-88.124779?zl=21&o=json&key=As1SMhbktDgHnBoak6XDezSKFHbgjCqLW4CAVx2s2601KLW_y6cM6vk5qb2C-wFA
2018-02-10 23:56:42,121 INFO     Running with Zoom: 20
2018-02-10 23:56:42,121 INFO     aerial fetch URL: https://dev.virtualearth.net/REST/v1/Imagery/Metadata/Aerial/42.151415,-88.124779?zl=20&o=json&key=As1SMhbktDgHnBoak6XDezSKFHbgjCqLW4CAVx2s2601KLW_y6cM6vk5qb2C-wFA
2018-02-10 23:56:42,373 INFO     Running with Zoom: 19
2018-02-10 23:56:42,373 INFO     aerial fetch URL: https://dev.virtualearth.net/REST/v1/Imagery/Metadata/Aerial/42.151415,-88.124779?zl=19&o=json&key=As1SMhbktDgHnBoak6XDezSKFHbgjCqLW4CAVx2s2601KLW_y6cM6vk5qb2C-wFA
2018-02-10 23:56:42,647 DEBUG    Starting new HTTP connection (1): ecn.t2.tiles.virtualearth.net
2018-02-10 23:56:42,721 DEBUG    http://ecn.t2.tiles.virtualearth.net:80 "GET /tiles/a0302222123210121232.jpeg?g=6293 HTTP/1.1" 200 8651
2018-02-10 23:56:42,728 INFO     Running Record number: 3
2018-02-10 23:56:42,729 INFO     lat_lon fetch URL: https://dev.virtualearth.net/REST/v1/Locations/US/IL/BARRINGTON/60010/354%20EASTERN%20AVE?o=json&key=As1SMhbktDgHnBoak6XDezSKFHbgjCqLW4CAVx2s2601KLW_y6cM6vk5qb2C-wFA
2018-02-10 23:56:43,121 INFO     Running with Zoom: 21
2018-02-10 23:56:43,121 INFO     aerial fetch URL: https://dev.virtualearth.net/REST/v1/Imagery/Metadata/Aerial/42.14946,-88.12224?zl=21&o=json&key=As1SMhbktDgHnBoak6XDezSKFHbgjCqLW4CAVx2s2601KLW_y6cM6vk5qb2C-wFA
2018-02-10 23:56:43,365 INFO     Running with Zoom: 20
2018-02-10 23:56:43,365 INFO     aerial fetch URL: https://dev.virtualearth.net/REST/v1/Imagery/Metadata/Aerial/42.14946,-88.12224?zl=20&o=json&key=As1SMhbktDgHnBoak6XDezSKFHbgjCqLW4CAVx2s2601KLW_y6cM6vk5qb2C-wFA
2018-02-10 23:56:43,634 INFO     Running with Zoom: 19
2018-02-10 23:56:43,634 INFO     aerial fetch URL: https://dev.virtualearth.net/REST/v1/Imagery/Metadata/Aerial/42.14946,-88.12224?zl=19&o=json&key=As1SMhbktDgHnBoak6XDezSKFHbgjCqLW4CAVx2s2601KLW_y6cM6vk5qb2C-wFA
2018-02-10 23:56:43,931 DEBUG    Starting new HTTP connection (1): ecn.t2.tiles.virtualearth.net
2018-02-10 23:56:44,012 DEBUG    http://ecn.t2.tiles.virtualearth.net:80 "GET /tiles/a0302222123210123132.jpeg?g=6293 HTTP/1.1" 200 9212
2018-02-10 23:56:44,018 INFO     Running Record number: 4
2018-02-10 23:56:44,019 INFO     lat_lon fetch URL: https://dev.virtualearth.net/REST/v1/Locations/US/IL/BARRINGTON/60010/407%20E%20RUSSELL%20ST?o=json&key=As1SMhbktDgHnBoak6XDezSKFHbgjCqLW4CAVx2s2601KLW_y6cM6vk5qb2C-wFA
2018-02-10 23:56:44,402 INFO     Running with Zoom: 21
2018-02-10 23:56:44,402 INFO     aerial fetch URL: https://dev.virtualearth.net/REST/v1/Imagery/Metadata/Aerial/42.15023,-88.13074?zl=21&o=json&key=As1SMhbktDgHnBoak6XDezSKFHbgjCqLW4CAVx2s2601KLW_y6cM6vk5qb2C-wFA
2018-02-10 23:56:44,653 INFO     Running with Zoom: 20
2018-02-10 23:56:44,653 INFO     aerial fetch URL: https://dev.virtualearth.net/REST/v1/Imagery/Metadata/Aerial/42.15023,-88.13074?zl=20&o=json&key=As1SMhbktDgHnBoak6XDezSKFHbgjCqLW4CAVx2s2601KLW_y6cM6vk5qb2C-wFA
2018-02-10 23:56:44,870 INFO     Running with Zoom: 19
2018-02-10 23:56:44,870 INFO     aerial fetch URL: https://dev.virtualearth.net/REST/v1/Imagery/Metadata/Aerial/42.15023,-88.13074?zl=19&o=json&key=As1SMhbktDgHnBoak6XDezSKFHbgjCqLW4CAVx2s2601KLW_y6cM6vk5qb2C-wFA
2018-02-10 23:56:45,117 DEBUG    Starting new HTTP connection (1): ecn.t2.tiles.virtualearth.net
2018-02-10 23:56:45,177 DEBUG    http://ecn.t2.tiles.virtualearth.net:80 "GET /tiles/a0302222123210122012.jpeg?g=6293 HTTP/1.1" 200 9533
2018-02-10 23:56:45,178 INFO     Running Record number: 5
2018-02-10 23:56:45,178 INFO     lat_lon fetch URL: https://dev.virtualearth.net/REST/v1/Locations/US/IL/BARRINGTON/60010/529%20DIVISION%20ST?o=json&key=As1SMhbktDgHnBoak6XDezSKFHbgjCqLW4CAVx2s2601KLW_y6cM6vk5qb2C-wFA
2018-02-10 23:56:45,634 INFO     Running with Zoom: 21
2018-02-10 23:56:45,634 INFO     aerial fetch URL: https://dev.virtualearth.net/REST/v1/Imagery/Metadata/Aerial/42.149389,-88.129189?zl=21&o=json&key=As1SMhbktDgHnBoak6XDezSKFHbgjCqLW4CAVx2s2601KLW_y6cM6vk5qb2C-wFA
2018-02-10 23:56:45,894 INFO     Running with Zoom: 20
2018-02-10 23:56:45,894 INFO     aerial fetch URL: https://dev.virtualearth.net/REST/v1/Imagery/Metadata/Aerial/42.149389,-88.129189?zl=20&o=json&key=As1SMhbktDgHnBoak6XDezSKFHbgjCqLW4CAVx2s2601KLW_y6cM6vk5qb2C-wFA
2018-02-10 23:56:46,153 INFO     Running with Zoom: 19
2018-02-10 23:56:46,153 INFO     aerial fetch URL: https://dev.virtualearth.net/REST/v1/Imagery/Metadata/Aerial/42.149389,-88.129189?zl=19&o=json&key=As1SMhbktDgHnBoak6XDezSKFHbgjCqLW4CAVx2s2601KLW_y6cM6vk5qb2C-wFA
2018-02-10 23:56:46,424 DEBUG    Starting new HTTP connection (1): ecn.t2.tiles.virtualearth.net
2018-02-10 23:56:46,471 DEBUG    http://ecn.t2.tiles.virtualearth.net:80 "GET /tiles/a0302222123210122122.jpeg?g=6293 HTTP/1.1" 200 9731
2018-02-10 23:56:46,472 INFO     Running Record number: 6
2018-02-10 23:56:46,472 INFO     lat_lon fetch URL: https://dev.virtualearth.net/REST/v1/Locations/US/IL/BARRINGTON/60010/721%20S%20COOK%20ST?o=json&key=As1SMhbktDgHnBoak6XDezSKFHbgjCqLW4CAVx2s2601KLW_y6cM6vk5qb2C-wFA
2018-02-10 23:56:46,893 INFO     Running with Zoom: 21
2018-02-10 23:56:46,893 INFO     aerial fetch URL: https://dev.virtualearth.net/REST/v1/Imagery/Metadata/Aerial/42.14567,-88.13405?zl=21&o=json&key=As1SMhbktDgHnBoak6XDezSKFHbgjCqLW4CAVx2s2601KLW_y6cM6vk5qb2C-wFA
2018-02-10 23:56:47,117 INFO     Running with Zoom: 20
2018-02-10 23:56:47,117 INFO     aerial fetch URL: https://dev.virtualearth.net/REST/v1/Imagery/Metadata/Aerial/42.14567,-88.13405?zl=20&o=json&key=As1SMhbktDgHnBoak6XDezSKFHbgjCqLW4CAVx2s2601KLW_y6cM6vk5qb2C-wFA
2018-02-10 23:56:47,375 INFO     Running with Zoom: 19
2018-02-10 23:56:47,375 INFO     aerial fetch URL: https://dev.virtualearth.net/REST/v1/Imagery/Metadata/Aerial/42.14567,-88.13405?zl=19&o=json&key=As1SMhbktDgHnBoak6XDezSKFHbgjCqLW4CAVx2s2601KLW_y6cM6vk5qb2C-wFA
2018-02-10 23:56:47,643 DEBUG    Starting new HTTP connection (1): ecn.t1.tiles.virtualearth.net
2018-02-10 23:56:47,767 DEBUG    http://ecn.t1.tiles.virtualearth.net:80 "GET /tiles/a0302222123210211121.jpeg?g=6293 HTTP/1.1" 200 9223
2018-02-10 23:56:47,769 INFO     Running Record number: 7
2018-02-10 23:56:47,769 INFO     lat_lon fetch URL: https://dev.virtualearth.net/REST/v1/Locations/US/IL/BARRINGTON/60010/835%20S%20HOUGH%20ST?o=json&key=As1SMhbktDgHnBoak6XDezSKFHbgjCqLW4CAVx2s2601KLW_y6cM6vk5qb2C-wFA
2018-02-10 23:56:48,178 INFO     Running with Zoom: 21
2018-02-10 23:56:48,178 INFO     aerial fetch URL: https://dev.virtualearth.net/REST/v1/Imagery/Metadata/Aerial/42.14328,-88.13563?zl=21&o=json&key=As1SMhbktDgHnBoak6XDezSKFHbgjCqLW4CAVx2s2601KLW_y6cM6vk5qb2C-wFA
2018-02-10 23:56:48,424 INFO     Running with Zoom: 20
2018-02-10 23:56:48,425 INFO     aerial fetch URL: https://dev.virtualearth.net/REST/v1/Imagery/Metadata/Aerial/42.14328,-88.13563?zl=20&o=json&key=As1SMhbktDgHnBoak6XDezSKFHbgjCqLW4CAVx2s2601KLW_y6cM6vk5qb2C-wFA
2018-02-10 23:56:48,721 INFO     Running with Zoom: 19
2018-02-10 23:56:48,721 INFO     aerial fetch URL: https://dev.virtualearth.net/REST/v1/Imagery/Metadata/Aerial/42.14328,-88.13563?zl=19&o=json&key=As1SMhbktDgHnBoak6XDezSKFHbgjCqLW4CAVx2s2601KLW_y6cM6vk5qb2C-wFA
2018-02-10 23:56:48,968 DEBUG    Starting new HTTP connection (1): ecn.t3.tiles.virtualearth.net
2018-02-10 23:56:49,015 DEBUG    http://ecn.t3.tiles.virtualearth.net:80 "GET /tiles/a0302222123210211233.jpeg?g=6293 HTTP/1.1" 200 8060
2018-02-10 23:56:49,019 INFO     Running Record number: 8
2018-02-10 23:56:49,019 INFO     lat_lon fetch URL: https://dev.virtualearth.net/REST/v1/Locations/US/IL/BARRINGTON/60010/1014%20N%20SUMMIT%20AVE?o=json&key=As1SMhbktDgHnBoak6XDezSKFHbgjCqLW4CAVx2s2601KLW_y6cM6vk5qb2C-wFA
2018-02-10 23:56:49,453 INFO     Running with Zoom: 21
2018-02-10 23:56:49,453 INFO     aerial fetch URL: https://dev.virtualearth.net/REST/v1/Imagery/Metadata/Aerial/42.14013,-88.13179?zl=21&o=json&key=As1SMhbktDgHnBoak6XDezSKFHbgjCqLW4CAVx2s2601KLW_y6cM6vk5qb2C-wFA
2018-02-10 23:56:49,727 INFO     Running with Zoom: 20
2018-02-10 23:56:49,728 INFO     aerial fetch URL: https://dev.virtualearth.net/REST/v1/Imagery/Metadata/Aerial/42.14013,-88.13179?zl=20&o=json&key=As1SMhbktDgHnBoak6XDezSKFHbgjCqLW4CAVx2s2601KLW_y6cM6vk5qb2C-wFA
2018-02-10 23:56:50,082 INFO     Running with Zoom: 19
2018-02-10 23:56:50,082 INFO     aerial fetch URL: https://dev.virtualearth.net/REST/v1/Imagery/Metadata/Aerial/42.14013,-88.13179?zl=19&o=json&key=As1SMhbktDgHnBoak6XDezSKFHbgjCqLW4CAVx2s2601KLW_y6cM6vk5qb2C-wFA
2018-02-10 23:56:50,394 DEBUG    Starting new HTTP connection (1): ecn.t2.tiles.virtualearth.net
2018-02-10 23:56:50,536 DEBUG    http://ecn.t2.tiles.virtualearth.net:80 "GET /tiles/a0302222123210302202.jpeg?g=6293 HTTP/1.1" 200 8583
2018-02-10 23:56:50,537 INFO     Running Record number: 9
2018-02-10 23:56:50,538 INFO     lat_lon fetch URL: https://dev.virtualearth.net/REST/v1/Locations/US/IL/BARRINGTON/60010/1040%20N%20SUMMIT%20AVE?o=json&key=As1SMhbktDgHnBoak6XDezSKFHbgjCqLW4CAVx2s2601KLW_y6cM6vk5qb2C-wFA
2018-02-10 23:56:50,961 INFO     Running with Zoom: 21
2018-02-10 23:56:50,961 INFO     aerial fetch URL: https://dev.virtualearth.net/REST/v1/Imagery/Metadata/Aerial/42.13959,-88.13179?zl=21&o=json&key=As1SMhbktDgHnBoak6XDezSKFHbgjCqLW4CAVx2s2601KLW_y6cM6vk5qb2C-wFA
2018-02-10 23:56:51,233 INFO     Running with Zoom: 20
2018-02-10 23:56:51,233 INFO     aerial fetch URL: https://dev.virtualearth.net/REST/v1/Imagery/Metadata/Aerial/42.13959,-88.13179?zl=20&o=json&key=As1SMhbktDgHnBoak6XDezSKFHbgjCqLW4CAVx2s2601KLW_y6cM6vk5qb2C-wFA
2018-02-10 23:56:51,482 INFO     Running with Zoom: 19
2018-02-10 23:56:51,482 INFO     aerial fetch URL: https://dev.virtualearth.net/REST/v1/Imagery/Metadata/Aerial/42.13959,-88.13179?zl=19&o=json&key=As1SMhbktDgHnBoak6XDezSKFHbgjCqLW4CAVx2s2601KLW_y6cM6vk5qb2C-wFA
2018-02-10 23:56:51,729 DEBUG    Starting new HTTP connection (1): ecn.t0.tiles.virtualearth.net
2018-02-10 23:56:51,788 DEBUG    http://ecn.t0.tiles.virtualearth.net:80 "GET /tiles/a0302222123210302220.jpeg?g=6293 HTTP/1.1" 200 8066
2018-02-10 23:56:51,798 INFO     Running Record number: 10
2018-02-10 23:56:51,799 INFO     lat_lon fetch URL: https://dev.virtualearth.net/REST/v1/Locations/US/IL/BARRINGTON/60010/901%20PRAIRIE%20AVE?o=json&key=As1SMhbktDgHnBoak6XDezSKFHbgjCqLW4CAVx2s2601KLW_y6cM6vk5qb2C-wFA
2018-02-10 23:56:52,202 INFO     Running with Zoom: 21
2018-02-10 23:56:52,202 INFO     aerial fetch URL: https://dev.virtualearth.net/REST/v1/Imagery/Metadata/Aerial/42.142777,-88.128523?zl=21&o=json&key=As1SMhbktDgHnBoak6XDezSKFHbgjCqLW4CAVx2s2601KLW_y6cM6vk5qb2C-wFA
2018-02-10 23:56:52,473 INFO     Running with Zoom: 20
2018-02-10 23:56:52,473 INFO     aerial fetch URL: https://dev.virtualearth.net/REST/v1/Imagery/Metadata/Aerial/42.142777,-88.128523?zl=20&o=json&key=As1SMhbktDgHnBoak6XDezSKFHbgjCqLW4CAVx2s2601KLW_y6cM6vk5qb2C-wFA
2018-02-10 23:56:52,755 INFO     Running with Zoom: 19
2018-02-10 23:56:52,756 INFO     aerial fetch URL: https://dev.virtualearth.net/REST/v1/Imagery/Metadata/Aerial/42.142777,-88.128523?zl=19&o=json&key=As1SMhbktDgHnBoak6XDezSKFHbgjCqLW4CAVx2s2601KLW_y6cM6vk5qb2C-wFA
2018-02-10 23:56:53,024 DEBUG    Starting new HTTP connection (1): ecn.t1.tiles.virtualearth.net
2018-02-10 23:56:53,070 DEBUG    http://ecn.t1.tiles.virtualearth.net:80 "GET /tiles/a0302222123210302101.jpeg?g=6293 HTTP/1.1" 200 5714
2018-02-10 23:56:53,081 INFO     Running Record number: 11
2018-02-10 23:56:53,081 INFO     lat_lon fetch URL: https://dev.virtualearth.net/REST/v1/Locations/US/IL/BARRINGTON/60010/920%20PRAIRIE%20AVE?o=json&key=As1SMhbktDgHnBoak6XDezSKFHbgjCqLW4CAVx2s2601KLW_y6cM6vk5qb2C-wFA
2018-02-10 23:56:53,501 INFO     Running with Zoom: 21
2018-02-10 23:56:53,501 INFO     aerial fetch URL: https://dev.virtualearth.net/REST/v1/Imagery/Metadata/Aerial/42.141483,-88.127602?zl=21&o=json&key=As1SMhbktDgHnBoak6XDezSKFHbgjCqLW4CAVx2s2601KLW_y6cM6vk5qb2C-wFA
2018-02-10 23:56:53,774 INFO     Running with Zoom: 20
2018-02-10 23:56:53,774 INFO     aerial fetch URL: https://dev.virtualearth.net/REST/v1/Imagery/Metadata/Aerial/42.141483,-88.127602?zl=20&o=json&key=As1SMhbktDgHnBoak6XDezSKFHbgjCqLW4CAVx2s2601KLW_y6cM6vk5qb2C-wFA
2018-02-10 23:56:54,005 INFO     Running with Zoom: 19
2018-02-10 23:56:54,005 INFO     aerial fetch URL: https://dev.virtualearth.net/REST/v1/Imagery/Metadata/Aerial/42.141483,-88.127602?zl=19&o=json&key=As1SMhbktDgHnBoak6XDezSKFHbgjCqLW4CAVx2s2601KLW_y6cM6vk5qb2C-wFA
2018-02-10 23:56:54,304 DEBUG    Starting new HTTP connection (1): ecn.t2.tiles.virtualearth.net
2018-02-10 23:56:54,370 DEBUG    http://ecn.t2.tiles.virtualearth.net:80 "GET /tiles/a0302222123210302132.jpeg?g=6293 HTTP/1.1" 200 7423
2018-02-10 23:56:54,373 INFO     Running Record number: 12
2018-02-10 23:56:54,373 INFO     lat_lon fetch URL: https://dev.virtualearth.net/REST/v1/Locations/US/IL/BARRINGTON/60010/200%20S%20HAGER%20AVE?o=json&key=As1SMhbktDgHnBoak6XDezSKFHbgjCqLW4CAVx2s2601KLW_y6cM6vk5qb2C-wFA
2018-02-10 23:56:54,781 INFO     Running with Zoom: 21
2018-02-10 23:56:54,781 INFO     aerial fetch URL: https://dev.virtualearth.net/REST/v1/Imagery/Metadata/Aerial/42.148308,-88.149337?zl=21&o=json&key=As1SMhbktDgHnBoak6XDezSKFHbgjCqLW4CAVx2s2601KLW_y6cM6vk5qb2C-wFA
2018-02-10 23:56:55,013 INFO     Running with Zoom: 20
2018-02-10 23:56:55,013 INFO     aerial fetch URL: https://dev.virtualearth.net/REST/v1/Imagery/Metadata/Aerial/42.148308,-88.149337?zl=20&o=json&key=As1SMhbktDgHnBoak6XDezSKFHbgjCqLW4CAVx2s2601KLW_y6cM6vk5qb2C-wFA
2018-02-10 23:56:55,254 INFO     Running with Zoom: 19
2018-02-10 23:56:55,254 INFO     aerial fetch URL: https://dev.virtualearth.net/REST/v1/Imagery/Metadata/Aerial/42.148308,-88.149337?zl=19&o=json&key=As1SMhbktDgHnBoak6XDezSKFHbgjCqLW4CAVx2s2601KLW_y6cM6vk5qb2C-wFA
2018-02-10 23:56:55,484 DEBUG    Starting new HTTP connection (1): ecn.t3.tiles.virtualearth.net
2018-02-10 23:56:55,548 DEBUG    http://ecn.t3.tiles.virtualearth.net:80 "GET /tiles/a0302222123210022313.jpeg?g=6293 HTTP/1.1" 200 6038
2018-02-10 23:56:55,549 INFO     Running Record number: 13
2018-02-10 23:56:55,549 INFO     lat_lon fetch URL: https://dev.virtualearth.net/REST/v1/Locations/US/IL/BARRINGTON%20HILLS/60010/409%20W%20COUNTY%20LINE%20RD?o=json&key=As1SMhbktDgHnBoak6XDezSKFHbgjCqLW4CAVx2s2601KLW_y6cM6vk5qb2C-wFA
2018-02-10 23:56:56,041 INFO     Running with Zoom: 21
2018-02-10 23:56:56,041 INFO     aerial fetch URL: https://dev.virtualearth.net/REST/v1/Imagery/Metadata/Aerial/42.153539,-88.174349?zl=21&o=json&key=As1SMhbktDgHnBoak6XDezSKFHbgjCqLW4CAVx2s2601KLW_y6cM6vk5qb2C-wFA
2018-02-10 23:56:56,313 INFO     Running with Zoom: 20
2018-02-10 23:56:56,313 INFO     aerial fetch URL: https://dev.virtualearth.net/REST/v1/Imagery/Metadata/Aerial/42.153539,-88.174349?zl=20&o=json&key=As1SMhbktDgHnBoak6XDezSKFHbgjCqLW4CAVx2s2601KLW_y6cM6vk5qb2C-wFA
2018-02-10 23:56:56,574 INFO     Running with Zoom: 19
2018-02-10 23:56:56,574 INFO     aerial fetch URL: https://dev.virtualearth.net/REST/v1/Imagery/Metadata/Aerial/42.153539,-88.174349?zl=19&o=json&key=As1SMhbktDgHnBoak6XDezSKFHbgjCqLW4CAVx2s2601KLW_y6cM6vk5qb2C-wFA
2018-02-10 23:56:56,816 DEBUG    Starting new HTTP connection (1): ecn.t2.tiles.virtualearth.net
2018-02-10 23:56:56,889 DEBUG    http://ecn.t2.tiles.virtualearth.net:80 "GET /tiles/a0302222123201120032.jpeg?g=6293 HTTP/1.1" 200 7247
2018-02-10 23:56:56,891 INFO     Running Record number: 14
2018-02-10 23:56:56,891 INFO     lat_lon fetch URL: https://dev.virtualearth.net/REST/v1/Locations/US/IL/BARRINGTON%20HILLS/60010/375W%20COUNTY%20LINE%20RD?o=json&key=As1SMhbktDgHnBoak6XDezSKFHbgjCqLW4CAVx2s2601KLW_y6cM6vk5qb2C-wFA
2018-02-10 23:56:57,274 INFO     Running with Zoom: 21
2018-02-10 23:56:57,275 INFO     aerial fetch URL: https://dev.virtualearth.net/REST/v1/Imagery/Metadata/Aerial/42.1542344632899,-88.1994552563575?zl=21&o=json&key=As1SMhbktDgHnBoak6XDezSKFHbgjCqLW4CAVx2s2601KLW_y6cM6vk5qb2C-wFA
2018-02-10 23:56:57,581 INFO     Running with Zoom: 20
2018-02-10 23:56:57,581 INFO     aerial fetch URL: https://dev.virtualearth.net/REST/v1/Imagery/Metadata/Aerial/42.1542344632899,-88.1994552563575?zl=20&o=json&key=As1SMhbktDgHnBoak6XDezSKFHbgjCqLW4CAVx2s2601KLW_y6cM6vk5qb2C-wFA
2018-02-10 23:56:57,853 INFO     Running with Zoom: 19
2018-02-10 23:56:57,853 INFO     aerial fetch URL: https://dev.virtualearth.net/REST/v1/Imagery/Metadata/Aerial/42.1542344632899,-88.1994552563575?zl=19&o=json&key=As1SMhbktDgHnBoak6XDezSKFHbgjCqLW4CAVx2s2601KLW_y6cM6vk5qb2C-wFA
2018-02-10 23:56:58,146 DEBUG    Starting new HTTP connection (1): ecn.t0.tiles.virtualearth.net
2018-02-10 23:56:58,221 DEBUG    http://ecn.t0.tiles.virtualearth.net:80 "GET /tiles/a0302222123200131130.jpeg?g=6293 HTTP/1.1" 200 7277
2018-02-10 23:56:58,225 INFO     Running Record number: 15
2018-02-10 23:56:58,226 INFO     lat_lon fetch URL: https://dev.virtualearth.net/REST/v1/Locations/US/IL/BARRINGTON%20HILLS/60010/28%20BRINKER%20RD?o=json&key=As1SMhbktDgHnBoak6XDezSKFHbgjCqLW4CAVx2s2601KLW_y6cM6vk5qb2C-wFA
2018-02-10 23:56:58,685 INFO     Running with Zoom: 21
2018-02-10 23:56:58,686 INFO     aerial fetch URL: https://dev.virtualearth.net/REST/v1/Imagery/Metadata/Aerial/42.14576,-88.18148?zl=21&o=json&key=As1SMhbktDgHnBoak6XDezSKFHbgjCqLW4CAVx2s2601KLW_y6cM6vk5qb2C-wFA
2018-02-10 23:56:59,002 INFO     Running with Zoom: 20
2018-02-10 23:56:59,002 INFO     aerial fetch URL: https://dev.virtualearth.net/REST/v1/Imagery/Metadata/Aerial/42.14576,-88.18148?zl=20&o=json&key=As1SMhbktDgHnBoak6XDezSKFHbgjCqLW4CAVx2s2601KLW_y6cM6vk5qb2C-wFA
2018-02-10 23:56:59,353 INFO     Running with Zoom: 19
2018-02-10 23:56:59,354 INFO     aerial fetch URL: https://dev.virtualearth.net/REST/v1/Imagery/Metadata/Aerial/42.14576,-88.18148?zl=19&o=json&key=As1SMhbktDgHnBoak6XDezSKFHbgjCqLW4CAVx2s2601KLW_y6cM6vk5qb2C-wFA
2018-02-10 23:56:59,658 DEBUG    Starting new HTTP connection (1): ecn.t0.tiles.virtualearth.net
2018-02-10 23:56:59,719 DEBUG    http://ecn.t0.tiles.virtualearth.net:80 "GET /tiles/a0302222123201211020.jpeg?g=6293 HTTP/1.1" 200 9841
2018-02-10 23:56:59,724 INFO     Running Record number: 16
2018-02-10 23:56:59,724 INFO     lat_lon fetch URL: https://dev.virtualearth.net/REST/v1/Locations/US/IL/BARRINGTON%20HILLS/60010/332%20SUTTON%20RD?o=json&key=As1SMhbktDgHnBoak6XDezSKFHbgjCqLW4CAVx2s2601KLW_y6cM6vk5qb2C-wFA
2018-02-10 23:57:00,141 INFO     Running with Zoom: 21
2018-02-10 23:57:00,141 INFO     aerial fetch URL: https://dev.virtualearth.net/REST/v1/Imagery/Metadata/Aerial/42.132817,-88.185419?zl=21&o=json&key=As1SMhbktDgHnBoak6XDezSKFHbgjCqLW4CAVx2s2601KLW_y6cM6vk5qb2C-wFA
2018-02-10 23:57:00,393 INFO     Running with Zoom: 20
2018-02-10 23:57:00,393 INFO     aerial fetch URL: https://dev.virtualearth.net/REST/v1/Imagery/Metadata/Aerial/42.132817,-88.185419?zl=20&o=json&key=As1SMhbktDgHnBoak6XDezSKFHbgjCqLW4CAVx2s2601KLW_y6cM6vk5qb2C-wFA
2018-02-10 23:57:00,618 INFO     Running with Zoom: 19
2018-02-10 23:57:00,618 INFO     aerial fetch URL: https://dev.virtualearth.net/REST/v1/Imagery/Metadata/Aerial/42.132817,-88.185419?zl=19&o=json&key=As1SMhbktDgHnBoak6XDezSKFHbgjCqLW4CAVx2s2601KLW_y6cM6vk5qb2C-wFA
2018-02-10 23:57:00,867 DEBUG    Starting new HTTP connection (1): ecn.t0.tiles.virtualearth.net
2018-02-10 23:57:00,933 DEBUG    http://ecn.t0.tiles.virtualearth.net:80 "GET /tiles/a0302222123201232210.jpeg?g=6293 HTTP/1.1" 200 5249
2018-02-10 23:57:00,938 INFO     Running Record number: 17
2018-02-10 23:57:00,938 INFO     lat_lon fetch URL: https://dev.virtualearth.net/REST/v1/Locations/US/IL/BARRINGTON%20HILLS/60010/332%20SUTTON%20RD?o=json&key=As1SMhbktDgHnBoak6XDezSKFHbgjCqLW4CAVx2s2601KLW_y6cM6vk5qb2C-wFA
2018-02-10 23:57:01,341 INFO     Running with Zoom: 21
2018-02-10 23:57:01,341 INFO     aerial fetch URL: https://dev.virtualearth.net/REST/v1/Imagery/Metadata/Aerial/42.132817,-88.185419?zl=21&o=json&key=As1SMhbktDgHnBoak6XDezSKFHbgjCqLW4CAVx2s2601KLW_y6cM6vk5qb2C-wFA
2018-02-10 23:57:01,661 INFO     Running with Zoom: 20
2018-02-10 23:57:01,661 INFO     aerial fetch URL: https://dev.virtualearth.net/REST/v1/Imagery/Metadata/Aerial/42.132817,-88.185419?zl=20&o=json&key=As1SMhbktDgHnBoak6XDezSKFHbgjCqLW4CAVx2s2601KLW_y6cM6vk5qb2C-wFA
2018-02-10 23:57:01,901 INFO     Running with Zoom: 19
2018-02-10 23:57:01,901 INFO     aerial fetch URL: https://dev.virtualearth.net/REST/v1/Imagery/Metadata/Aerial/42.132817,-88.185419?zl=19&o=json&key=As1SMhbktDgHnBoak6XDezSKFHbgjCqLW4CAVx2s2601KLW_y6cM6vk5qb2C-wFA
2018-02-10 23:57:02,177 DEBUG    Starting new HTTP connection (1): ecn.t0.tiles.virtualearth.net
2018-02-10 23:57:02,254 DEBUG    http://ecn.t0.tiles.virtualearth.net:80 "GET /tiles/a0302222123201232210.jpeg?g=6293 HTTP/1.1" 200 5249
2018-02-10 23:57:02,261 INFO     Running Record number: 18
2018-02-10 23:57:02,261 INFO     lat_lon fetch URL: https://dev.virtualearth.net/REST/v1/Locations/US/IL/BARRINGTON%20HILLS/60010/77%20BRINKER%20RD?o=json&key=As1SMhbktDgHnBoak6XDezSKFHbgjCqLW4CAVx2s2601KLW_y6cM6vk5qb2C-wFA
2018-02-10 23:57:02,653 INFO     Running with Zoom: 21
2018-02-10 23:57:02,653 INFO     aerial fetch URL: https://dev.virtualearth.net/REST/v1/Imagery/Metadata/Aerial/42.1328307002763,-88.1750810945534?zl=21&o=json&key=As1SMhbktDgHnBoak6XDezSKFHbgjCqLW4CAVx2s2601KLW_y6cM6vk5qb2C-wFA
2018-02-10 23:57:02,954 INFO     Running with Zoom: 20
2018-02-10 23:57:02,954 INFO     aerial fetch URL: https://dev.virtualearth.net/REST/v1/Imagery/Metadata/Aerial/42.1328307002763,-88.1750810945534?zl=20&o=json&key=As1SMhbktDgHnBoak6XDezSKFHbgjCqLW4CAVx2s2601KLW_y6cM6vk5qb2C-wFA
2018-02-10 23:57:03,235 INFO     Running with Zoom: 19
2018-02-10 23:57:03,236 INFO     aerial fetch URL: https://dev.virtualearth.net/REST/v1/Imagery/Metadata/Aerial/42.1328307002763,-88.1750810945534?zl=19&o=json&key=As1SMhbktDgHnBoak6XDezSKFHbgjCqLW4CAVx2s2601KLW_y6cM6vk5qb2C-wFA
2018-02-10 23:57:03,546 DEBUG    Starting new HTTP connection (1): ecn.t1.tiles.virtualearth.net
2018-02-10 23:57:03,599 DEBUG    http://ecn.t1.tiles.virtualearth.net:80 "GET /tiles/a0302222123201322201.jpeg?g=6293 HTTP/1.1" 200 8876
2018-02-10 23:57:03,602 INFO     Running Record number: 19
2018-02-10 23:57:03,602 INFO     lat_lon fetch URL: https://dev.virtualearth.net/REST/v1/Locations/US/IL/BARRINGTON/60010/0%20GROVE%20AVE?o=json&key=As1SMhbktDgHnBoak6XDezSKFHbgjCqLW4CAVx2s2601KLW_y6cM6vk5qb2C-wFA
2018-02-10 23:57:04,013 INFO     Running with Zoom: 21
2018-02-10 23:57:04,013 INFO     aerial fetch URL: https://dev.virtualearth.net/REST/v1/Imagery/Metadata/Aerial/42.1365800000001,-88.1329349999282?zl=21&o=json&key=As1SMhbktDgHnBoak6XDezSKFHbgjCqLW4CAVx2s2601KLW_y6cM6vk5qb2C-wFA
2018-02-10 23:57:04,333 INFO     Running with Zoom: 20
2018-02-10 23:57:04,333 INFO     aerial fetch URL: https://dev.virtualearth.net/REST/v1/Imagery/Metadata/Aerial/42.1365800000001,-88.1329349999282?zl=20&o=json&key=As1SMhbktDgHnBoak6XDezSKFHbgjCqLW4CAVx2s2601KLW_y6cM6vk5qb2C-wFA
2018-02-10 23:57:04,601 INFO     Running with Zoom: 19
2018-02-10 23:57:04,601 INFO     aerial fetch URL: https://dev.virtualearth.net/REST/v1/Imagery/Metadata/Aerial/42.1365800000001,-88.1329349999282?zl=19&o=json&key=As1SMhbktDgHnBoak6XDezSKFHbgjCqLW4CAVx2s2601KLW_y6cM6vk5qb2C-wFA
2018-02-10 23:57:04,855 DEBUG    Starting new HTTP connection (1): ecn.t1.tiles.virtualearth.net
2018-02-10 23:57:04,912 DEBUG    http://ecn.t1.tiles.virtualearth.net:80 "GET /tiles/a0302222123210231311.jpeg?g=6293 HTTP/1.1" 200 8530
2018-02-10 23:57:04,916 INFO     Running Record number: 20
2018-02-10 23:57:04,916 INFO     lat_lon fetch URL: https://dev.virtualearth.net/REST/v1/Locations/US/IL/BARRINGTON/60010/0%20SUMMIT%20ST?o=json&key=As1SMhbktDgHnBoak6XDezSKFHbgjCqLW4CAVx2s2601KLW_y6cM6vk5qb2C-wFA
2018-02-10 23:57:05,340 INFO     Running with Zoom: 21
2018-02-10 23:57:05,340 INFO     aerial fetch URL: https://dev.virtualearth.net/REST/v1/Imagery/Metadata/Aerial/42.1512773617993,-88.13124?zl=21&o=json&key=As1SMhbktDgHnBoak6XDezSKFHbgjCqLW4CAVx2s2601KLW_y6cM6vk5qb2C-wFA
2018-02-10 23:57:05,577 INFO     Running with Zoom: 20
2018-02-10 23:57:05,577 INFO     aerial fetch URL: https://dev.virtualearth.net/REST/v1/Imagery/Metadata/Aerial/42.1512773617993,-88.13124?zl=20&o=json&key=As1SMhbktDgHnBoak6XDezSKFHbgjCqLW4CAVx2s2601KLW_y6cM6vk5qb2C-wFA
2018-02-10 23:57:05,821 INFO     Running with Zoom: 19
2018-02-10 23:57:05,822 INFO     aerial fetch URL: https://dev.virtualearth.net/REST/v1/Imagery/Metadata/Aerial/42.1512773617993,-88.13124?zl=19&o=json&key=As1SMhbktDgHnBoak6XDezSKFHbgjCqLW4CAVx2s2601KLW_y6cM6vk5qb2C-wFA
2018-02-10 23:57:06,126 DEBUG    Starting new HTTP connection (1): ecn.t3.tiles.virtualearth.net
2018-02-10 23:57:06,182 DEBUG    http://ecn.t3.tiles.virtualearth.net:80 "GET /tiles/a0302222123210120223.jpeg?g=6293 HTTP/1.1" 200 8585
2018-02-10 23:57:06,188 INFO     Running Record number: 21
2018-02-10 23:57:06,188 INFO     lat_lon fetch URL: https://dev.virtualearth.net/REST/v1/Locations/US/IL/BARRINGTON/60010/0%20VACANT%20PROPERTY?o=json&key=As1SMhbktDgHnBoak6XDezSKFHbgjCqLW4CAVx2s2601KLW_y6cM6vk5qb2C-wFA
2018-02-10 23:57:06,665 INFO     Running with Zoom: 21
2018-02-10 23:57:06,665 INFO     aerial fetch URL: https://dev.virtualearth.net/REST/v1/Imagery/Metadata/Aerial/40.1139373779297,-89.1587677001953?zl=21&o=json&key=As1SMhbktDgHnBoak6XDezSKFHbgjCqLW4CAVx2s2601KLW_y6cM6vk5qb2C-wFA
2018-02-10 23:57:06,921 INFO     Running with Zoom: 20
2018-02-10 23:57:06,921 INFO     aerial fetch URL: https://dev.virtualearth.net/REST/v1/Imagery/Metadata/Aerial/40.1139373779297,-89.1587677001953?zl=20&o=json&key=As1SMhbktDgHnBoak6XDezSKFHbgjCqLW4CAVx2s2601KLW_y6cM6vk5qb2C-wFA
2018-02-10 23:57:07,141 INFO     Running with Zoom: 19
2018-02-10 23:57:07,141 INFO     aerial fetch URL: https://dev.virtualearth.net/REST/v1/Imagery/Metadata/Aerial/40.1139373779297,-89.1587677001953?zl=19&o=json&key=As1SMhbktDgHnBoak6XDezSKFHbgjCqLW4CAVx2s2601KLW_y6cM6vk5qb2C-wFA
2018-02-10 23:57:07,360 DEBUG    Starting new HTTP connection (1): ecn.t3.tiles.virtualearth.net
2018-02-10 23:57:07,417 DEBUG    http://ecn.t3.tiles.virtualearth.net:80 "GET /tiles/a0320000032013223023.jpeg?g=6293 HTTP/1.1" 200 5930
2018-02-10 23:57:07,418 INFO     Running Record number: 22
2018-02-10 23:57:07,418 INFO     lat_lon fetch URL: https://dev.virtualearth.net/REST/v1/Locations/US/IL/INVERNESS/60010/2120%20APPLECROSS%20RD?o=json&key=As1SMhbktDgHnBoak6XDezSKFHbgjCqLW4CAVx2s2601KLW_y6cM6vk5qb2C-wFA
2018-02-10 23:57:07,662 INFO     Running with Zoom: 21
2018-02-10 23:57:07,662 INFO     aerial fetch URL: https://dev.virtualearth.net/REST/v1/Imagery/Metadata/Aerial/42.11551,-88.12925?zl=21&o=json&key=As1SMhbktDgHnBoak6XDezSKFHbgjCqLW4CAVx2s2601KLW_y6cM6vk5qb2C-wFA
2018-02-10 23:57:07,885 INFO     Running with Zoom: 20
2018-02-10 23:57:07,885 INFO     aerial fetch URL: https://dev.virtualearth.net/REST/v1/Imagery/Metadata/Aerial/42.11551,-88.12925?zl=20&o=json&key=As1SMhbktDgHnBoak6XDezSKFHbgjCqLW4CAVx2s2601KLW_y6cM6vk5qb2C-wFA
2018-02-10 23:57:08,156 INFO     Running with Zoom: 19
2018-02-10 23:57:08,157 INFO     aerial fetch URL: https://dev.virtualearth.net/REST/v1/Imagery/Metadata/Aerial/42.11551,-88.12925?zl=19&o=json&key=As1SMhbktDgHnBoak6XDezSKFHbgjCqLW4CAVx2s2601KLW_y6cM6vk5qb2C-wFA
2018-02-10 23:57:08,391 DEBUG    Starting new HTTP connection (1): ecn.t0.tiles.virtualearth.net
2018-02-10 23:57:08,478 DEBUG    http://ecn.t0.tiles.virtualearth.net:80 "GET /tiles/a0302222123212122320.jpeg?g=6293 HTTP/1.1" 200 7596
2018-02-10 23:57:08,479 INFO     Running Record number: 23
2018-02-10 23:57:08,479 INFO     lat_lon fetch URL: https://dev.virtualearth.net/REST/v1/Locations/US/IL/BARRINGTON%20HILLS/60010/120%20HAWTHORNE%20RD?o=json&key=As1SMhbktDgHnBoak6XDezSKFHbgjCqLW4CAVx2s2601KLW_y6cM6vk5qb2C-wFA
2018-02-10 23:57:08,857 INFO     Running with Zoom: 21
2018-02-10 23:57:08,857 INFO     aerial fetch URL: https://dev.virtualearth.net/REST/v1/Imagery/Metadata/Aerial/42.124492,-88.164316?zl=21&o=json&key=As1SMhbktDgHnBoak6XDezSKFHbgjCqLW4CAVx2s2601KLW_y6cM6vk5qb2C-wFA
2018-02-10 23:57:09,121 INFO     Running with Zoom: 20
2018-02-10 23:57:09,121 INFO     aerial fetch URL: https://dev.virtualearth.net/REST/v1/Imagery/Metadata/Aerial/42.124492,-88.164316?zl=20&o=json&key=As1SMhbktDgHnBoak6XDezSKFHbgjCqLW4CAVx2s2601KLW_y6cM6vk5qb2C-wFA
2018-02-10 23:57:09,314 INFO     Running with Zoom: 19
2018-02-10 23:57:09,314 INFO     aerial fetch URL: https://dev.virtualearth.net/REST/v1/Imagery/Metadata/Aerial/42.124492,-88.164316?zl=19&o=json&key=As1SMhbktDgHnBoak6XDezSKFHbgjCqLW4CAVx2s2601KLW_y6cM6vk5qb2C-wFA
2018-02-10 23:57:09,459 DEBUG    Starting new HTTP connection (1): ecn.t1.tiles.virtualearth.net
2018-02-10 23:57:09,512 DEBUG    http://ecn.t1.tiles.virtualearth.net:80 "GET /tiles/a0302222123203112201.jpeg?g=6293 HTTP/1.1" 200 8854
2018-02-10 23:57:09,517 INFO     Running Record number: 24
2018-02-10 23:57:09,517 INFO     lat_lon fetch URL: https://dev.virtualearth.net/REST/v1/Locations/US/IL/BARRINGTON%20HILLS/60010/324%20SUTTON%20RD?o=json&key=As1SMhbktDgHnBoak6XDezSKFHbgjCqLW4CAVx2s2601KLW_y6cM6vk5qb2C-wFA
2018-02-10 23:57:09,862 INFO     Running with Zoom: 21
2018-02-10 23:57:09,862 INFO     aerial fetch URL: https://dev.virtualearth.net/REST/v1/Imagery/Metadata/Aerial/42.0817100001914,-88.1946049203371?zl=21&o=json&key=As1SMhbktDgHnBoak6XDezSKFHbgjCqLW4CAVx2s2601KLW_y6cM6vk5qb2C-wFA
2018-02-10 23:57:10,043 INFO     Running with Zoom: 20
2018-02-10 23:57:10,044 INFO     aerial fetch URL: https://dev.virtualearth.net/REST/v1/Imagery/Metadata/Aerial/42.0817100001914,-88.1946049203371?zl=20&o=json&key=As1SMhbktDgHnBoak6XDezSKFHbgjCqLW4CAVx2s2601KLW_y6cM6vk5qb2C-wFA
2018-02-10 23:57:10,233 INFO     Running with Zoom: 19
2018-02-10 23:57:10,234 INFO     aerial fetch URL: https://dev.virtualearth.net/REST/v1/Imagery/Metadata/Aerial/42.0817100001914,-88.1946049203371?zl=19&o=json&key=As1SMhbktDgHnBoak6XDezSKFHbgjCqLW4CAVx2s2601KLW_y6cM6vk5qb2C-wFA
2018-02-10 23:57:10,398 DEBUG    Starting new HTTP connection (1): ecn.t1.tiles.virtualearth.net
2018-02-10 23:57:10,456 DEBUG    http://ecn.t1.tiles.virtualearth.net:80 "GET /tiles/a0302222123221200101.jpeg?g=6293 HTTP/1.1" 200 7969
2018-02-10 23:57:10,459 INFO     Running Record number: 25
2018-02-10 23:57:10,459 INFO     lat_lon fetch URL: https://dev.virtualearth.net/REST/v1/Locations/US/IL/BARRINGTON%20HILLS/60010/317%20SUTTON%20RD?o=json&key=As1SMhbktDgHnBoak6XDezSKFHbgjCqLW4CAVx2s2601KLW_y6cM6vk5qb2C-wFA
2018-02-10 23:57:10,821 INFO     Running with Zoom: 21
2018-02-10 23:57:10,822 INFO     aerial fetch URL: https://dev.virtualearth.net/REST/v1/Imagery/Metadata/Aerial/42.12117,-88.19213?zl=21&o=json&key=As1SMhbktDgHnBoak6XDezSKFHbgjCqLW4CAVx2s2601KLW_y6cM6vk5qb2C-wFA
2018-02-10 23:57:11,023 INFO     Running with Zoom: 20
2018-02-10 23:57:11,023 INFO     aerial fetch URL: https://dev.virtualearth.net/REST/v1/Imagery/Metadata/Aerial/42.12117,-88.19213?zl=20&o=json&key=As1SMhbktDgHnBoak6XDezSKFHbgjCqLW4CAVx2s2601KLW_y6cM6vk5qb2C-wFA
2018-02-10 23:57:11,234 INFO     Running with Zoom: 19
2018-02-10 23:57:11,234 INFO     aerial fetch URL: https://dev.virtualearth.net/REST/v1/Imagery/Metadata/Aerial/42.12117,-88.19213?zl=19&o=json&key=As1SMhbktDgHnBoak6XDezSKFHbgjCqLW4CAVx2s2601KLW_y6cM6vk5qb2C-wFA
2018-02-10 23:57:11,395 DEBUG    Starting new HTTP connection (1): ecn.t0.tiles.virtualearth.net
2018-02-10 23:57:11,468 DEBUG    http://ecn.t0.tiles.virtualearth.net:80 "GET /tiles/a0302222123203021020.jpeg?g=6293 HTTP/1.1" 200 5680
2018-02-10 23:57:11,469 INFO     Running Record number: 26
2018-02-10 23:57:11,469 INFO     lat_lon fetch URL: https://dev.virtualearth.net/REST/v1/Locations/US/IL/BARRINGTON%20HILLS/60010/2%20WINDSOR%20CT?o=json&key=As1SMhbktDgHnBoak6XDezSKFHbgjCqLW4CAVx2s2601KLW_y6cM6vk5qb2C-wFA
2018-02-10 23:57:11,802 INFO     Running with Zoom: 21
2018-02-10 23:57:11,802 INFO     aerial fetch URL: https://dev.virtualearth.net/REST/v1/Imagery/Metadata/Aerial/42.0945575679265,-88.1519288369606?zl=21&o=json&key=As1SMhbktDgHnBoak6XDezSKFHbgjCqLW4CAVx2s2601KLW_y6cM6vk5qb2C-wFA
2018-02-10 23:57:11,962 INFO     Running with Zoom: 20
2018-02-10 23:57:11,962 INFO     aerial fetch URL: https://dev.virtualearth.net/REST/v1/Imagery/Metadata/Aerial/42.0945575679265,-88.1519288369606?zl=20&o=json&key=As1SMhbktDgHnBoak6XDezSKFHbgjCqLW4CAVx2s2601KLW_y6cM6vk5qb2C-wFA
2018-02-10 23:57:12,145 INFO     Running with Zoom: 19
2018-02-10 23:57:12,145 INFO     aerial fetch URL: https://dev.virtualearth.net/REST/v1/Imagery/Metadata/Aerial/42.0945575679265,-88.1519288369606?zl=19&o=json&key=As1SMhbktDgHnBoak6XDezSKFHbgjCqLW4CAVx2s2601KLW_y6cM6vk5qb2C-wFA
2018-02-10 23:57:12,357 DEBUG    Starting new HTTP connection (1): ecn.t3.tiles.virtualearth.net
2018-02-10 23:57:12,396 DEBUG    http://ecn.t3.tiles.virtualearth.net:80 "GET /tiles/a0302222123230000233.jpeg?g=6293 HTTP/1.1" 200 8268
2018-02-10 23:57:12,400 INFO     Running Record number: 27
2018-02-10 23:57:12,401 INFO     lat_lon fetch URL: https://dev.virtualearth.net/REST/v1/Locations/US/IL/BARRINGTON%20HILLS/60010/530%20POND%20GATE%20DR?o=json&key=As1SMhbktDgHnBoak6XDezSKFHbgjCqLW4CAVx2s2601KLW_y6cM6vk5qb2C-wFA
2018-02-10 23:57:12,725 INFO     Running with Zoom: 21
2018-02-10 23:57:12,725 INFO     aerial fetch URL: https://dev.virtualearth.net/REST/v1/Imagery/Metadata/Aerial/42.09594,-88.236211?zl=21&o=json&key=As1SMhbktDgHnBoak6XDezSKFHbgjCqLW4CAVx2s2601KLW_y6cM6vk5qb2C-wFA
2018-02-10 23:57:12,902 INFO     Running with Zoom: 20
2018-02-10 23:57:12,902 INFO     aerial fetch URL: https://dev.virtualearth.net/REST/v1/Imagery/Metadata/Aerial/42.09594,-88.236211?zl=20&o=json&key=As1SMhbktDgHnBoak6XDezSKFHbgjCqLW4CAVx2s2601KLW_y6cM6vk5qb2C-wFA
2018-02-10 23:57:13,078 INFO     Running with Zoom: 19
2018-02-10 23:57:13,078 INFO     aerial fetch URL: https://dev.virtualearth.net/REST/v1/Imagery/Metadata/Aerial/42.09594,-88.236211?zl=19&o=json&key=As1SMhbktDgHnBoak6XDezSKFHbgjCqLW4CAVx2s2601KLW_y6cM6vk5qb2C-wFA
2018-02-10 23:57:13,280 DEBUG    Starting new HTTP connection (1): ecn.t0.tiles.virtualearth.net
2018-02-10 23:57:13,330 DEBUG    http://ecn.t0.tiles.virtualearth.net:80 "GET /tiles/a0302222123220001200.jpeg?g=6293 HTTP/1.1" 200 6298
2018-02-10 23:57:13,340 INFO     Running Record number: 28
2018-02-10 23:57:13,340 INFO     lat_lon fetch URL: https://dev.virtualearth.net/REST/v1/Locations/US/IL/SOUTH%20BARRINGTON/60010/3%20RED%20RIDGE%20CIR?o=json&key=As1SMhbktDgHnBoak6XDezSKFHbgjCqLW4CAVx2s2601KLW_y6cM6vk5qb2C-wFA
2018-02-10 23:57:13,736 INFO     Running with Zoom: 21
2018-02-10 23:57:13,736 INFO     aerial fetch URL: https://dev.virtualearth.net/REST/v1/Imagery/Metadata/Aerial/42.09971,-88.1778?zl=21&o=json&key=As1SMhbktDgHnBoak6XDezSKFHbgjCqLW4CAVx2s2601KLW_y6cM6vk5qb2C-wFA
2018-02-10 23:57:13,941 INFO     Running with Zoom: 20
2018-02-10 23:57:13,941 INFO     aerial fetch URL: https://dev.virtualearth.net/REST/v1/Imagery/Metadata/Aerial/42.09971,-88.1778?zl=20&o=json&key=As1SMhbktDgHnBoak6XDezSKFHbgjCqLW4CAVx2s2601KLW_y6cM6vk5qb2C-wFA
2018-02-10 23:57:14,114 INFO     Running with Zoom: 19
2018-02-10 23:57:14,115 INFO     aerial fetch URL: https://dev.virtualearth.net/REST/v1/Imagery/Metadata/Aerial/42.09971,-88.1778?zl=19&o=json&key=As1SMhbktDgHnBoak6XDezSKFHbgjCqLW4CAVx2s2601KLW_y6cM6vk5qb2C-wFA
2018-02-10 23:57:14,278 DEBUG    Starting new HTTP connection (1): ecn.t3.tiles.virtualearth.net
2018-02-10 23:57:14,335 DEBUG    http://ecn.t3.tiles.virtualearth.net:80 "GET /tiles/a0302222123203233303.jpeg?g=6293 HTTP/1.1" 200 6149
2018-02-10 23:57:14,338 INFO     Running Record number: 29
2018-02-10 23:57:14,339 INFO     lat_lon fetch URL: https://dev.virtualearth.net/REST/v1/Locations/US/IL/SOUTH%20BARRINGTON/60010/6%20PENNY%20RD?o=json&key=As1SMhbktDgHnBoak6XDezSKFHbgjCqLW4CAVx2s2601KLW_y6cM6vk5qb2C-wFA
2018-02-10 23:57:14,662 INFO     Running with Zoom: 21
2018-02-10 23:57:14,662 INFO     aerial fetch URL: https://dev.virtualearth.net/REST/v1/Imagery/Metadata/Aerial/42.097585,-88.182696?zl=21&o=json&key=As1SMhbktDgHnBoak6XDezSKFHbgjCqLW4CAVx2s2601KLW_y6cM6vk5qb2C-wFA
2018-02-10 23:57:14,858 INFO     Running with Zoom: 20
2018-02-10 23:57:14,858 INFO     aerial fetch URL: https://dev.virtualearth.net/REST/v1/Imagery/Metadata/Aerial/42.097585,-88.182696?zl=20&o=json&key=As1SMhbktDgHnBoak6XDezSKFHbgjCqLW4CAVx2s2601KLW_y6cM6vk5qb2C-wFA
2018-02-10 23:57:15,021 INFO     Running with Zoom: 19
2018-02-10 23:57:15,022 INFO     aerial fetch URL: https://dev.virtualearth.net/REST/v1/Imagery/Metadata/Aerial/42.097585,-88.182696?zl=19&o=json&key=As1SMhbktDgHnBoak6XDezSKFHbgjCqLW4CAVx2s2601KLW_y6cM6vk5qb2C-wFA
2018-02-10 23:57:15,246 DEBUG    Starting new HTTP connection (1): ecn.t2.tiles.virtualearth.net
2018-02-10 23:57:15,296 DEBUG    http://ecn.t2.tiles.virtualearth.net:80 "GET /tiles/a0302222123221010112.jpeg?g=6293 HTTP/1.1" 200 7649
2018-02-10 23:57:15,299 INFO     Running Record number: 30
2018-02-10 23:57:15,299 INFO     lat_lon fetch URL: https://dev.virtualearth.net/REST/v1/Locations/US/IL/SOUTH%20BARRINGTON/60010/9%20FARMINGTON%20RD?o=json&key=As1SMhbktDgHnBoak6XDezSKFHbgjCqLW4CAVx2s2601KLW_y6cM6vk5qb2C-wFA
2018-02-10 23:57:15,681 INFO     Running with Zoom: 21
2018-02-10 23:57:15,681 INFO     aerial fetch URL: https://dev.virtualearth.net/REST/v1/Imagery/Metadata/Aerial/42.10057,-88.13877?zl=21&o=json&key=As1SMhbktDgHnBoak6XDezSKFHbgjCqLW4CAVx2s2601KLW_y6cM6vk5qb2C-wFA
2018-02-10 23:57:15,861 INFO     Running with Zoom: 20
2018-02-10 23:57:15,861 INFO     aerial fetch URL: https://dev.virtualearth.net/REST/v1/Imagery/Metadata/Aerial/42.10057,-88.13877?zl=20&o=json&key=As1SMhbktDgHnBoak6XDezSKFHbgjCqLW4CAVx2s2601KLW_y6cM6vk5qb2C-wFA
2018-02-10 23:57:16,066 INFO     Running with Zoom: 19
2018-02-10 23:57:16,067 INFO     aerial fetch URL: https://dev.virtualearth.net/REST/v1/Imagery/Metadata/Aerial/42.10057,-88.13877?zl=19&o=json&key=As1SMhbktDgHnBoak6XDezSKFHbgjCqLW4CAVx2s2601KLW_y6cM6vk5qb2C-wFA
2018-02-10 23:57:16,256 DEBUG    Starting new HTTP connection (1): ecn.t2.tiles.virtualearth.net
2018-02-10 23:57:16,328 DEBUG    http://ecn.t2.tiles.virtualearth.net:80 "GET /tiles/a0302222123212232132.jpeg?g=6293 HTTP/1.1" 200 8834
2018-02-10 23:57:16,331 INFO     Running Record number: 31
2018-02-10 23:57:16,332 INFO     lat_lon fetch URL: https://dev.virtualearth.net/REST/v1/Locations/US/IL/DUNDEE/60010/161%20LINDEN%20AVE?o=json&key=As1SMhbktDgHnBoak6XDezSKFHbgjCqLW4CAVx2s2601KLW_y6cM6vk5qb2C-wFA
2018-02-10 23:57:16,673 INFO     Running with Zoom: 21
2018-02-10 23:57:16,673 INFO     aerial fetch URL: https://dev.virtualearth.net/REST/v1/Imagery/Metadata/Aerial/42.09916,-88.26834?zl=21&o=json&key=As1SMhbktDgHnBoak6XDezSKFHbgjCqLW4CAVx2s2601KLW_y6cM6vk5qb2C-wFA
2018-02-10 23:57:16,841 INFO     Running with Zoom: 20
2018-02-10 23:57:16,841 INFO     aerial fetch URL: https://dev.virtualearth.net/REST/v1/Imagery/Metadata/Aerial/42.09916,-88.26834?zl=20&o=json&key=As1SMhbktDgHnBoak6XDezSKFHbgjCqLW4CAVx2s2601KLW_y6cM6vk5qb2C-wFA
2018-02-10 23:57:17,021 INFO     Running with Zoom: 19
2018-02-10 23:57:17,021 INFO     aerial fetch URL: https://dev.virtualearth.net/REST/v1/Imagery/Metadata/Aerial/42.09916,-88.26834?zl=19&o=json&key=As1SMhbktDgHnBoak6XDezSKFHbgjCqLW4CAVx2s2601KLW_y6cM6vk5qb2C-wFA
2018-02-10 23:57:17,194 DEBUG    Starting new HTTP connection (1): ecn.t1.tiles.virtualearth.net
2018-02-10 23:57:17,237 DEBUG    http://ecn.t1.tiles.virtualearth.net:80 "GET /tiles/a0302222122313233221.jpeg?g=6293 HTTP/1.1" 200 8131
2018-02-10 23:57:17,246 INFO     Running Record number: 32
2018-02-10 23:57:17,246 INFO     lat_lon fetch URL: https://dev.virtualearth.net/REST/v1/Locations/US/IL/SOUTH%20BARRINGTON/60010/3%20BLOSSOM%20CT?o=json&key=As1SMhbktDgHnBoak6XDezSKFHbgjCqLW4CAVx2s2601KLW_y6cM6vk5qb2C-wFA
2018-02-10 23:57:17,560 INFO     Running with Zoom: 21
2018-02-10 23:57:17,560 INFO     aerial fetch URL: https://dev.virtualearth.net/REST/v1/Imagery/Metadata/Aerial/42.07024,-88.16243?zl=21&o=json&key=As1SMhbktDgHnBoak6XDezSKFHbgjCqLW4CAVx2s2601KLW_y6cM6vk5qb2C-wFA
2018-02-10 23:57:17,764 INFO     Running with Zoom: 20
2018-02-10 23:57:17,764 INFO     aerial fetch URL: https://dev.virtualearth.net/REST/v1/Imagery/Metadata/Aerial/42.07024,-88.16243?zl=20&o=json&key=As1SMhbktDgHnBoak6XDezSKFHbgjCqLW4CAVx2s2601KLW_y6cM6vk5qb2C-wFA
2018-02-10 23:57:17,941 INFO     Running with Zoom: 19
2018-02-10 23:57:17,941 INFO     aerial fetch URL: https://dev.virtualearth.net/REST/v1/Imagery/Metadata/Aerial/42.07024,-88.16243?zl=19&o=json&key=As1SMhbktDgHnBoak6XDezSKFHbgjCqLW4CAVx2s2601KLW_y6cM6vk5qb2C-wFA
2018-02-10 23:57:18,156 DEBUG    Starting new HTTP connection (1): ecn.t0.tiles.virtualearth.net
2018-02-10 23:57:18,215 DEBUG    http://ecn.t0.tiles.virtualearth.net:80 "GET /tiles/a0302222123221330320.jpeg?g=6293 HTTP/1.1" 200 7964
2018-02-10 23:57:18,220 INFO     Running Record number: 33
2018-02-10 23:57:18,220 INFO     lat_lon fetch URL: https://dev.virtualearth.net/REST/v1/Locations/US/IL/PALATINE/60010/1345%20CASCADE%20LN?o=json&key=As1SMhbktDgHnBoak6XDezSKFHbgjCqLW4CAVx2s2601KLW_y6cM6vk5qb2C-wFA
2018-02-10 23:57:18,542 INFO     Running with Zoom: 21
2018-02-10 23:57:18,542 INFO     aerial fetch URL: https://dev.virtualearth.net/REST/v1/Imagery/Metadata/Aerial/42.145563271115,-88.0108764990953?zl=21&o=json&key=As1SMhbktDgHnBoak6XDezSKFHbgjCqLW4CAVx2s2601KLW_y6cM6vk5qb2C-wFA
2018-02-10 23:57:18,873 INFO     Running with Zoom: 20
2018-02-10 23:57:18,873 INFO     aerial fetch URL: https://dev.virtualearth.net/REST/v1/Imagery/Metadata/Aerial/42.145563271115,-88.0108764990953?zl=20&o=json&key=As1SMhbktDgHnBoak6XDezSKFHbgjCqLW4CAVx2s2601KLW_y6cM6vk5qb2C-wFA
2018-02-10 23:57:19,059 INFO     Running with Zoom: 19
2018-02-10 23:57:19,059 INFO     aerial fetch URL: https://dev.virtualearth.net/REST/v1/Imagery/Metadata/Aerial/42.145563271115,-88.0108764990953?zl=19&o=json&key=As1SMhbktDgHnBoak6XDezSKFHbgjCqLW4CAVx2s2601KLW_y6cM6vk5qb2C-wFA
2018-02-10 23:57:19,244 DEBUG    Starting new HTTP connection (1): ecn.t2.tiles.virtualearth.net
2018-02-10 23:57:19,286 DEBUG    http://ecn.t2.tiles.virtualearth.net:80 "GET /tiles/a0302222123301210022.jpeg?g=6293 HTTP/1.1" 200 8942
2018-02-10 23:57:19,289 INFO     Running Record number: 34
2018-02-10 23:57:19,289 INFO     lat_lon fetch URL: https://dev.virtualearth.net/REST/v1/Locations/US/IL/PALATINE/60074/1180%20NICHOLS%20RD?o=json&key=As1SMhbktDgHnBoak6XDezSKFHbgjCqLW4CAVx2s2601KLW_y6cM6vk5qb2C-wFA
2018-02-10 23:57:19,602 INFO     Running with Zoom: 21
2018-02-10 23:57:19,603 INFO     aerial fetch URL: https://dev.virtualearth.net/REST/v1/Imagery/Metadata/Aerial/42.15111,-88.01588?zl=21&o=json&key=As1SMhbktDgHnBoak6XDezSKFHbgjCqLW4CAVx2s2601KLW_y6cM6vk5qb2C-wFA
2018-02-10 23:57:19,802 INFO     Running with Zoom: 20
2018-02-10 23:57:19,803 INFO     aerial fetch URL: https://dev.virtualearth.net/REST/v1/Imagery/Metadata/Aerial/42.15111,-88.01588?zl=20&o=json&key=As1SMhbktDgHnBoak6XDezSKFHbgjCqLW4CAVx2s2601KLW_y6cM6vk5qb2C-wFA
2018-02-10 23:57:20,053 INFO     Running with Zoom: 19
2018-02-10 23:57:20,053 INFO     aerial fetch URL: https://dev.virtualearth.net/REST/v1/Imagery/Metadata/Aerial/42.15111,-88.01588?zl=19&o=json&key=As1SMhbktDgHnBoak6XDezSKFHbgjCqLW4CAVx2s2601KLW_y6cM6vk5qb2C-wFA
2018-02-10 23:57:20,251 DEBUG    Starting new HTTP connection (1): ecn.t1.tiles.virtualearth.net
2018-02-10 23:57:20,299 DEBUG    http://ecn.t1.tiles.virtualearth.net:80 "GET /tiles/a0302222123301023001.jpeg?g=6293 HTTP/1.1" 200 9327
2018-02-10 23:57:20,301 INFO     Running Record number: 35
2018-02-10 23:57:20,301 INFO     lat_lon fetch URL: https://dev.virtualearth.net/REST/v1/Locations/US/IL/PALATINE/60074/2259%20ENLUND%20DR?o=json&key=As1SMhbktDgHnBoak6XDezSKFHbgjCqLW4CAVx2s2601KLW_y6cM6vk5qb2C-wFA
2018-02-10 23:57:20,633 INFO     Running with Zoom: 21
2018-02-10 23:57:20,633 INFO     aerial fetch URL: https://dev.virtualearth.net/REST/v1/Imagery/Metadata/Aerial/42.151608,-88.01786?zl=21&o=json&key=As1SMhbktDgHnBoak6XDezSKFHbgjCqLW4CAVx2s2601KLW_y6cM6vk5qb2C-wFA
2018-02-10 23:57:20,802 INFO     Running with Zoom: 20
2018-02-10 23:57:20,803 INFO     aerial fetch URL: https://dev.virtualearth.net/REST/v1/Imagery/Metadata/Aerial/42.151608,-88.01786?zl=20&o=json&key=As1SMhbktDgHnBoak6XDezSKFHbgjCqLW4CAVx2s2601KLW_y6cM6vk5qb2C-wFA
2018-02-10 23:57:20,994 INFO     Running with Zoom: 19
2018-02-10 23:57:20,995 INFO     aerial fetch URL: https://dev.virtualearth.net/REST/v1/Imagery/Metadata/Aerial/42.151608,-88.01786?zl=19&o=json&key=As1SMhbktDgHnBoak6XDezSKFHbgjCqLW4CAVx2s2601KLW_y6cM6vk5qb2C-wFA
2018-02-10 23:57:21,238 DEBUG    Starting new HTTP connection (1): ecn.t2.tiles.virtualearth.net
2018-02-10 23:57:21,301 DEBUG    http://ecn.t2.tiles.virtualearth.net:80 "GET /tiles/a0302222123301020332.jpeg?g=6293 HTTP/1.1" 200 7964
2018-02-10 23:57:21,306 INFO     Running Record number: 36
2018-02-10 23:57:21,306 INFO     lat_lon fetch URL: https://dev.virtualearth.net/REST/v1/Locations/US/IL/PALATINE/60074/1174%20AZALEA%20LN?o=json&key=As1SMhbktDgHnBoak6XDezSKFHbgjCqLW4CAVx2s2601KLW_y6cM6vk5qb2C-wFA
2018-02-10 23:57:21,574 INFO     Running with Zoom: 21
2018-02-10 23:57:21,574 INFO     aerial fetch URL: https://dev.virtualearth.net/REST/v1/Imagery/Metadata/Aerial/42.148209,-88.016672?zl=21&o=json&key=As1SMhbktDgHnBoak6XDezSKFHbgjCqLW4CAVx2s2601KLW_y6cM6vk5qb2C-wFA
2018-02-10 23:57:21,755 INFO     Running with Zoom: 20
2018-02-10 23:57:21,756 INFO     aerial fetch URL: https://dev.virtualearth.net/REST/v1/Imagery/Metadata/Aerial/42.148209,-88.016672?zl=20&o=json&key=As1SMhbktDgHnBoak6XDezSKFHbgjCqLW4CAVx2s2601KLW_y6cM6vk5qb2C-wFA
2018-02-10 23:57:22,063 INFO     Running with Zoom: 19
2018-02-10 23:57:22,064 INFO     aerial fetch URL: https://dev.virtualearth.net/REST/v1/Imagery/Metadata/Aerial/42.148209,-88.016672?zl=19&o=json&key=As1SMhbktDgHnBoak6XDezSKFHbgjCqLW4CAVx2s2601KLW_y6cM6vk5qb2C-wFA
2018-02-10 23:57:22,416 DEBUG    Starting new HTTP connection (1): ecn.t2.tiles.virtualearth.net
2018-02-10 23:57:22,481 DEBUG    http://ecn.t2.tiles.virtualearth.net:80 "GET /tiles/a0302222123301023202.jpeg?g=6293 HTTP/1.1" 200 9218
2018-02-10 23:57:22,483 INFO     Running Record number: 37
2018-02-10 23:57:22,483 INFO     lat_lon fetch URL: https://dev.virtualearth.net/REST/v1/Locations/US/IL/PALATINE/60074/1938%20HERITAGE%20DR?o=json&key=As1SMhbktDgHnBoak6XDezSKFHbgjCqLW4CAVx2s2601KLW_y6cM6vk5qb2C-wFA
2018-02-10 23:57:22,780 INFO     Running with Zoom: 21
2018-02-10 23:57:22,781 INFO     aerial fetch URL: https://dev.virtualearth.net/REST/v1/Imagery/Metadata/Aerial/42.148209,-88.016672?zl=21&o=json&key=As1SMhbktDgHnBoak6XDezSKFHbgjCqLW4CAVx2s2601KLW_y6cM6vk5qb2C-wFA
2018-02-10 23:57:22,973 INFO     Running with Zoom: 20
2018-02-10 23:57:22,974 INFO     aerial fetch URL: https://dev.virtualearth.net/REST/v1/Imagery/Metadata/Aerial/42.148209,-88.016672?zl=20&o=json&key=As1SMhbktDgHnBoak6XDezSKFHbgjCqLW4CAVx2s2601KLW_y6cM6vk5qb2C-wFA
2018-02-10 23:57:23,253 INFO     Running with Zoom: 19
2018-02-10 23:57:23,253 INFO     aerial fetch URL: https://dev.virtualearth.net/REST/v1/Imagery/Metadata/Aerial/42.148209,-88.016672?zl=19&o=json&key=As1SMhbktDgHnBoak6XDezSKFHbgjCqLW4CAVx2s2601KLW_y6cM6vk5qb2C-wFA
2018-02-10 23:57:23,417 DEBUG    Starting new HTTP connection (1): ecn.t2.tiles.virtualearth.net
2018-02-10 23:57:23,522 DEBUG    http://ecn.t2.tiles.virtualearth.net:80 "GET /tiles/a0302222123301023202.jpeg?g=6293 HTTP/1.1" 200 9218
2018-02-10 23:57:23,524 INFO     Running Record number: 38
2018-02-10 23:57:23,524 INFO     lat_lon fetch URL: https://dev.virtualearth.net/REST/v1/Locations/US/IL/ARLINGTON%20HEI/60074/2201%20NICHOLS%20RD?o=json&key=As1SMhbktDgHnBoak6XDezSKFHbgjCqLW4CAVx2s2601KLW_y6cM6vk5qb2C-wFA
2018-02-10 23:57:23,791 INFO     Running with Zoom: 21
2018-02-10 23:57:23,791 INFO     aerial fetch URL: https://dev.virtualearth.net/REST/v1/Imagery/Metadata/Aerial/42.1501830925304,-88.0095234925047?zl=21&o=json&key=As1SMhbktDgHnBoak6XDezSKFHbgjCqLW4CAVx2s2601KLW_y6cM6vk5qb2C-wFA
2018-02-10 23:57:24,154 INFO     Running with Zoom: 20
2018-02-10 23:57:24,164 INFO     aerial fetch URL: https://dev.virtualearth.net/REST/v1/Imagery/Metadata/Aerial/42.1501830925304,-88.0095234925047?zl=20&o=json&key=As1SMhbktDgHnBoak6XDezSKFHbgjCqLW4CAVx2s2601KLW_y6cM6vk5qb2C-wFA
2018-02-10 23:57:24,336 INFO     Running with Zoom: 19
2018-02-10 23:57:24,337 INFO     aerial fetch URL: https://dev.virtualearth.net/REST/v1/Imagery/Metadata/Aerial/42.1501830925304,-88.0095234925047?zl=19&o=json&key=As1SMhbktDgHnBoak6XDezSKFHbgjCqLW4CAVx2s2601KLW_y6cM6vk5qb2C-wFA
2018-02-10 23:57:24,525 DEBUG    Starting new HTTP connection (1): ecn.t2.tiles.virtualearth.net
2018-02-10 23:57:24,588 DEBUG    http://ecn.t2.tiles.virtualearth.net:80 "GET /tiles/a0302222123301032012.jpeg?g=6293 HTTP/1.1" 200 8928
2018-02-10 23:57:24,589 INFO     Running Record number: 39
2018-02-10 23:57:24,590 INFO     lat_lon fetch URL: https://dev.virtualearth.net/REST/v1/Locations/US/IL/PALATINE/60074/2174%20OAKBROOK%20CIR?o=json&key=As1SMhbktDgHnBoak6XDezSKFHbgjCqLW4CAVx2s2601KLW_y6cM6vk5qb2C-wFA
2018-02-10 23:57:24,893 INFO     Running with Zoom: 21
2018-02-10 23:57:24,893 INFO     aerial fetch URL: https://dev.virtualearth.net/REST/v1/Imagery/Metadata/Aerial/42.147938,-88.012385?zl=21&o=json&key=As1SMhbktDgHnBoak6XDezSKFHbgjCqLW4CAVx2s2601KLW_y6cM6vk5qb2C-wFA
2018-02-10 23:57:25,055 INFO     Running with Zoom: 20
2018-02-10 23:57:25,056 INFO     aerial fetch URL: https://dev.virtualearth.net/REST/v1/Imagery/Metadata/Aerial/42.147938,-88.012385?zl=20&o=json&key=As1SMhbktDgHnBoak6XDezSKFHbgjCqLW4CAVx2s2601KLW_y6cM6vk5qb2C-wFA
2018-02-10 23:57:25,342 INFO     Running with Zoom: 19
2018-02-10 23:57:25,342 INFO     aerial fetch URL: https://dev.virtualearth.net/REST/v1/Imagery/Metadata/Aerial/42.147938,-88.012385?zl=19&o=json&key=As1SMhbktDgHnBoak6XDezSKFHbgjCqLW4CAVx2s2601KLW_y6cM6vk5qb2C-wFA
2018-02-10 23:57:25,586 DEBUG    Starting new HTTP connection (1): ecn.t0.tiles.virtualearth.net
2018-02-10 23:57:25,687 DEBUG    http://ecn.t0.tiles.virtualearth.net:80 "GET /tiles/a0302222123301023330.jpeg?g=6293 HTTP/1.1" 200 9163
2018-02-10 23:57:25,691 INFO     Running Record number: 40
2018-02-10 23:57:25,691 INFO     lat_lon fetch URL: https://dev.virtualearth.net/REST/v1/Locations/US/IL/PALATINE/60074/2066%20GINGER%20CREEK%20DR?o=json&key=As1SMhbktDgHnBoak6XDezSKFHbgjCqLW4CAVx2s2601KLW_y6cM6vk5qb2C-wFA
2018-02-10 23:57:26,096 INFO     Running with Zoom: 21
2018-02-10 23:57:26,096 INFO     aerial fetch URL: https://dev.virtualearth.net/REST/v1/Imagery/Metadata/Aerial/42.14813,-88.01223?zl=21&o=json&key=As1SMhbktDgHnBoak6XDezSKFHbgjCqLW4CAVx2s2601KLW_y6cM6vk5qb2C-wFA
2018-02-10 23:57:26,314 INFO     Running with Zoom: 20
2018-02-10 23:57:26,315 INFO     aerial fetch URL: https://dev.virtualearth.net/REST/v1/Imagery/Metadata/Aerial/42.14813,-88.01223?zl=20&o=json&key=As1SMhbktDgHnBoak6XDezSKFHbgjCqLW4CAVx2s2601KLW_y6cM6vk5qb2C-wFA
2018-02-10 23:57:26,525 INFO     Running with Zoom: 19
2018-02-10 23:57:26,525 INFO     aerial fetch URL: https://dev.virtualearth.net/REST/v1/Imagery/Metadata/Aerial/42.14813,-88.01223?zl=19&o=json&key=As1SMhbktDgHnBoak6XDezSKFHbgjCqLW4CAVx2s2601KLW_y6cM6vk5qb2C-wFA
2018-02-10 23:57:26,716 DEBUG    Starting new HTTP connection (1): ecn.t0.tiles.virtualearth.net
2018-02-10 23:57:26,781 DEBUG    http://ecn.t0.tiles.virtualearth.net:80 "GET /tiles/a0302222123301023330.jpeg?g=6293 HTTP/1.1" 200 9163
2018-02-10 23:57:26,787 INFO     Running Record number: 41
2018-02-10 23:57:26,787 INFO     lat_lon fetch URL: https://dev.virtualearth.net/REST/v1/Locations/US/IL/PALATINE/60074/10%20DUNDEE%20QUARTER?o=json&key=As1SMhbktDgHnBoak6XDezSKFHbgjCqLW4CAVx2s2601KLW_y6cM6vk5qb2C-wFA
2018-02-10 23:57:27,054 INFO     Running with Zoom: 21
2018-02-10 23:57:27,054 INFO     aerial fetch URL: https://dev.virtualearth.net/REST/v1/Imagery/Metadata/Aerial/42.141957,-88.015722?zl=21&o=json&key=As1SMhbktDgHnBoak6XDezSKFHbgjCqLW4CAVx2s2601KLW_y6cM6vk5qb2C-wFA
2018-02-10 23:57:27,221 INFO     Running with Zoom: 20
2018-02-10 23:57:27,221 INFO     aerial fetch URL: https://dev.virtualearth.net/REST/v1/Imagery/Metadata/Aerial/42.141957,-88.015722?zl=20&o=json&key=As1SMhbktDgHnBoak6XDezSKFHbgjCqLW4CAVx2s2601KLW_y6cM6vk5qb2C-wFA
2018-02-10 23:57:27,421 INFO     Running with Zoom: 19
2018-02-10 23:57:27,421 INFO     aerial fetch URL: https://dev.virtualearth.net/REST/v1/Imagery/Metadata/Aerial/42.141957,-88.015722?zl=19&o=json&key=As1SMhbktDgHnBoak6XDezSKFHbgjCqLW4CAVx2s2601KLW_y6cM6vk5qb2C-wFA
2018-02-10 23:57:27,643 DEBUG    Starting new HTTP connection (1): ecn.t1.tiles.virtualearth.net
2018-02-10 23:57:27,739 DEBUG    http://ecn.t1.tiles.virtualearth.net:80 "GET /tiles/a0302222123301203021.jpeg?g=6293 HTTP/1.1" 200 9451
2018-02-10 23:57:27,742 INFO     Running Record number: 42
2018-02-10 23:57:27,742 INFO     lat_lon fetch URL: https://dev.virtualearth.net/REST/v1/Locations/US/IL/PALATINE/60074/11%20DUNDEE%20QUARTER?o=json&key=As1SMhbktDgHnBoak6XDezSKFHbgjCqLW4CAVx2s2601KLW_y6cM6vk5qb2C-wFA
2018-02-10 23:57:28,034 INFO     Running with Zoom: 21
2018-02-10 23:57:28,035 INFO     aerial fetch URL: https://dev.virtualearth.net/REST/v1/Imagery/Metadata/Aerial/42.141957,-88.015722?zl=21&o=json&key=As1SMhbktDgHnBoak6XDezSKFHbgjCqLW4CAVx2s2601KLW_y6cM6vk5qb2C-wFA
2018-02-10 23:57:28,202 INFO     Running with Zoom: 20
2018-02-10 23:57:28,202 INFO     aerial fetch URL: https://dev.virtualearth.net/REST/v1/Imagery/Metadata/Aerial/42.141957,-88.015722?zl=20&o=json&key=As1SMhbktDgHnBoak6XDezSKFHbgjCqLW4CAVx2s2601KLW_y6cM6vk5qb2C-wFA
2018-02-10 23:57:28,405 INFO     Running with Zoom: 19
2018-02-10 23:57:28,405 INFO     aerial fetch URL: https://dev.virtualearth.net/REST/v1/Imagery/Metadata/Aerial/42.141957,-88.015722?zl=19&o=json&key=As1SMhbktDgHnBoak6XDezSKFHbgjCqLW4CAVx2s2601KLW_y6cM6vk5qb2C-wFA
2018-02-10 23:57:28,548 DEBUG    Starting new HTTP connection (1): ecn.t1.tiles.virtualearth.net
2018-02-10 23:57:28,608 DEBUG    http://ecn.t1.tiles.virtualearth.net:80 "GET /tiles/a0302222123301203021.jpeg?g=6293 HTTP/1.1" 200 9451
2018-02-10 23:57:28,632 INFO     Running Record number: 43
2018-02-10 23:57:28,632 INFO     lat_lon fetch URL: https://dev.virtualearth.net/REST/v1/Locations/US/IL/PALATINE/60074/1721%20ROSE%20AVE?o=json&key=As1SMhbktDgHnBoak6XDezSKFHbgjCqLW4CAVx2s2601KLW_y6cM6vk5qb2C-wFA
2018-02-10 23:57:28,931 INFO     Running with Zoom: 21
2018-02-10 23:57:28,931 INFO     aerial fetch URL: https://dev.virtualearth.net/REST/v1/Imagery/Metadata/Aerial/42.14144,-88.02113?zl=21&o=json&key=As1SMhbktDgHnBoak6XDezSKFHbgjCqLW4CAVx2s2601KLW_y6cM6vk5qb2C-wFA
2018-02-10 23:57:29,134 INFO     Running with Zoom: 20
2018-02-10 23:57:29,135 INFO     aerial fetch URL: https://dev.virtualearth.net/REST/v1/Imagery/Metadata/Aerial/42.14144,-88.02113?zl=20&o=json&key=As1SMhbktDgHnBoak6XDezSKFHbgjCqLW4CAVx2s2601KLW_y6cM6vk5qb2C-wFA
2018-02-10 23:57:29,343 INFO     Running with Zoom: 19
2018-02-10 23:57:29,343 INFO     aerial fetch URL: https://dev.virtualearth.net/REST/v1/Imagery/Metadata/Aerial/42.14144,-88.02113?zl=19&o=json&key=As1SMhbktDgHnBoak6XDezSKFHbgjCqLW4CAVx2s2601KLW_y6cM6vk5qb2C-wFA
2018-02-10 23:57:29,525 DEBUG    Starting new HTTP connection (1): ecn.t3.tiles.virtualearth.net
2018-02-10 23:57:29,564 DEBUG    http://ecn.t3.tiles.virtualearth.net:80 "GET /tiles/a0302222123301202023.jpeg?g=6293 HTTP/1.1" 200 9647
2018-02-10 23:57:29,568 INFO     Running Record number: 44
2018-02-10 23:57:29,568 INFO     lat_lon fetch URL: https://dev.virtualearth.net/REST/v1/Locations/US/IL/PALATINE/60074/1906%20IVY%20PL?o=json&key=As1SMhbktDgHnBoak6XDezSKFHbgjCqLW4CAVx2s2601KLW_y6cM6vk5qb2C-wFA
2018-02-10 23:57:29,810 INFO     Running with Zoom: 21
2018-02-10 23:57:29,810 INFO     aerial fetch URL: https://dev.virtualearth.net/REST/v1/Imagery/Metadata/Aerial/42.14501,-88.02111?zl=21&o=json&key=As1SMhbktDgHnBoak6XDezSKFHbgjCqLW4CAVx2s2601KLW_y6cM6vk5qb2C-wFA
2018-02-10 23:57:29,965 INFO     Running with Zoom: 20
2018-02-10 23:57:29,965 INFO     aerial fetch URL: https://dev.virtualearth.net/REST/v1/Imagery/Metadata/Aerial/42.14501,-88.02111?zl=20&o=json&key=As1SMhbktDgHnBoak6XDezSKFHbgjCqLW4CAVx2s2601KLW_y6cM6vk5qb2C-wFA
2018-02-10 23:57:30,161 INFO     Running with Zoom: 19
2018-02-10 23:57:30,161 INFO     aerial fetch URL: https://dev.virtualearth.net/REST/v1/Imagery/Metadata/Aerial/42.14501,-88.02111?zl=19&o=json&key=As1SMhbktDgHnBoak6XDezSKFHbgjCqLW4CAVx2s2601KLW_y6cM6vk5qb2C-wFA
2018-02-10 23:57:30,343 DEBUG    Starting new HTTP connection (1): ecn.t1.tiles.virtualearth.net
2018-02-10 23:57:30,401 DEBUG    http://ecn.t1.tiles.virtualearth.net:80 "GET /tiles/a0302222123301200201.jpeg?g=6293 HTTP/1.1" 200 8361
2018-02-10 23:57:30,404 INFO     Running Record number: 45
2018-02-10 23:57:30,404 INFO     lat_lon fetch URL: https://dev.virtualearth.net/REST/v1/Locations/US/IL/PALATINE/60074/1528%20SILVER%20STRAND%20CIR?o=json&key=As1SMhbktDgHnBoak6XDezSKFHbgjCqLW4CAVx2s2601KLW_y6cM6vk5qb2C-wFA
2018-02-10 23:57:30,661 INFO     Running with Zoom: 21
2018-02-10 23:57:30,661 INFO     aerial fetch URL: https://dev.virtualearth.net/REST/v1/Imagery/Metadata/Aerial/42.145915,-88.011847?zl=21&o=json&key=As1SMhbktDgHnBoak6XDezSKFHbgjCqLW4CAVx2s2601KLW_y6cM6vk5qb2C-wFA
2018-02-10 23:57:30,853 INFO     Running with Zoom: 20
2018-02-10 23:57:30,853 INFO     aerial fetch URL: https://dev.virtualearth.net/REST/v1/Imagery/Metadata/Aerial/42.145915,-88.011847?zl=20&o=json&key=As1SMhbktDgHnBoak6XDezSKFHbgjCqLW4CAVx2s2601KLW_y6cM6vk5qb2C-wFA
2018-02-10 23:57:31,093 INFO     Running with Zoom: 19
2018-02-10 23:57:31,093 INFO     aerial fetch URL: https://dev.virtualearth.net/REST/v1/Imagery/Metadata/Aerial/42.145915,-88.011847?zl=19&o=json&key=As1SMhbktDgHnBoak6XDezSKFHbgjCqLW4CAVx2s2601KLW_y6cM6vk5qb2C-wFA
2018-02-10 23:57:31,255 DEBUG    Starting new HTTP connection (1): ecn.t1.tiles.virtualearth.net
2018-02-10 23:57:31,315 DEBUG    http://ecn.t1.tiles.virtualearth.net:80 "GET /tiles/a0302222123301201131.jpeg?g=6293 HTTP/1.1" 200 8693
2018-02-10 23:57:31,319 INFO     Running Record number: 46
2018-02-10 23:57:31,319 INFO     lat_lon fetch URL: https://dev.virtualearth.net/REST/v1/Locations/US/IL/PALATINE/60074/1390%20INVERRARY%20LN?o=json&key=As1SMhbktDgHnBoak6XDezSKFHbgjCqLW4CAVx2s2601KLW_y6cM6vk5qb2C-wFA
2018-02-10 23:57:31,681 INFO     Running with Zoom: 21
2018-02-10 23:57:31,681 INFO     aerial fetch URL: https://dev.virtualearth.net/REST/v1/Imagery/Metadata/Aerial/42.14133,-88.01146?zl=21&o=json&key=As1SMhbktDgHnBoak6XDezSKFHbgjCqLW4CAVx2s2601KLW_y6cM6vk5qb2C-wFA
2018-02-10 23:57:31,861 INFO     Running with Zoom: 20
2018-02-10 23:57:31,861 INFO     aerial fetch URL: https://dev.virtualearth.net/REST/v1/Imagery/Metadata/Aerial/42.14133,-88.01146?zl=20&o=json&key=As1SMhbktDgHnBoak6XDezSKFHbgjCqLW4CAVx2s2601KLW_y6cM6vk5qb2C-wFA
2018-02-10 23:57:32,041 INFO     Running with Zoom: 19
2018-02-10 23:57:32,041 INFO     aerial fetch URL: https://dev.virtualearth.net/REST/v1/Imagery/Metadata/Aerial/42.14133,-88.01146?zl=19&o=json&key=As1SMhbktDgHnBoak6XDezSKFHbgjCqLW4CAVx2s2601KLW_y6cM6vk5qb2C-wFA
2018-02-10 23:57:32,203 DEBUG    Starting new HTTP connection (1): ecn.t2.tiles.virtualearth.net
2018-02-10 23:57:32,276 DEBUG    http://ecn.t2.tiles.virtualearth.net:80 "GET /tiles/a0302222123301212022.jpeg?g=6293 HTTP/1.1" 200 8439
2018-02-10 23:57:32,282 INFO     Running Record number: 47
2018-02-10 23:57:32,282 INFO     lat_lon fetch URL: https://dev.virtualearth.net/REST/v1/Locations/US/IL/PALATINE/60074/175E%20LAKE-COOK%20RD?o=json&key=As1SMhbktDgHnBoak6XDezSKFHbgjCqLW4CAVx2s2601KLW_y6cM6vk5qb2C-wFA
2018-02-10 23:57:32,533 INFO     Running with Zoom: 21
2018-02-10 23:57:32,534 INFO     aerial fetch URL: https://dev.virtualearth.net/REST/v1/Imagery/Metadata/Aerial/42.153229,-88.042676?zl=21&o=json&key=As1SMhbktDgHnBoak6XDezSKFHbgjCqLW4CAVx2s2601KLW_y6cM6vk5qb2C-wFA
2018-02-10 23:57:32,693 INFO     Running with Zoom: 20
2018-02-10 23:57:32,693 INFO     aerial fetch URL: https://dev.virtualearth.net/REST/v1/Imagery/Metadata/Aerial/42.153229,-88.042676?zl=20&o=json&key=As1SMhbktDgHnBoak6XDezSKFHbgjCqLW4CAVx2s2601KLW_y6cM6vk5qb2C-wFA
2018-02-10 23:57:32,873 INFO     Running with Zoom: 19
2018-02-10 23:57:32,873 INFO     aerial fetch URL: https://dev.virtualearth.net/REST/v1/Imagery/Metadata/Aerial/42.153229,-88.042676?zl=19&o=json&key=As1SMhbktDgHnBoak6XDezSKFHbgjCqLW4CAVx2s2601KLW_y6cM6vk5qb2C-wFA
2018-02-10 23:57:33,091 DEBUG    Starting new HTTP connection (1): ecn.t2.tiles.virtualearth.net
2018-02-10 23:57:33,148 DEBUG    http://ecn.t2.tiles.virtualearth.net:80 "GET /tiles/a0302222123300120032.jpeg?g=6293 HTTP/1.1" 200 8737
2018-02-10 23:57:33,149 INFO     Running Record number: 48
2018-02-10 23:57:33,149 INFO     lat_lon fetch URL: https://dev.virtualearth.net/REST/v1/Locations/US/IL/PALATINE/60074/1651%20N%20HICKS%20RD?o=json&key=As1SMhbktDgHnBoak6XDezSKFHbgjCqLW4CAVx2s2601KLW_y6cM6vk5qb2C-wFA
2018-02-10 23:57:33,413 INFO     Running with Zoom: 21
2018-02-10 23:57:33,413 INFO     aerial fetch URL: https://dev.virtualearth.net/REST/v1/Imagery/Metadata/Aerial/42.14026,-88.03301?zl=21&o=json&key=As1SMhbktDgHnBoak6XDezSKFHbgjCqLW4CAVx2s2601KLW_y6cM6vk5qb2C-wFA
2018-02-10 23:57:33,585 INFO     Running with Zoom: 20
2018-02-10 23:57:33,585 INFO     aerial fetch URL: https://dev.virtualearth.net/REST/v1/Imagery/Metadata/Aerial/42.14026,-88.03301?zl=20&o=json&key=As1SMhbktDgHnBoak6XDezSKFHbgjCqLW4CAVx2s2601KLW_y6cM6vk5qb2C-wFA
2018-02-10 23:57:33,762 INFO     Running with Zoom: 19
2018-02-10 23:57:33,762 INFO     aerial fetch URL: https://dev.virtualearth.net/REST/v1/Imagery/Metadata/Aerial/42.14026,-88.03301?zl=19&o=json&key=As1SMhbktDgHnBoak6XDezSKFHbgjCqLW4CAVx2s2601KLW_y6cM6vk5qb2C-wFA
2018-02-10 23:57:33,937 DEBUG    Starting new HTTP connection (1): ecn.t2.tiles.virtualearth.net
2018-02-10 23:57:33,997 DEBUG    http://ecn.t2.tiles.virtualearth.net:80 "GET /tiles/a0302222123300312202.jpeg?g=6293 HTTP/1.1" 200 8545
2018-02-10 23:57:34,013 INFO     Running Record number: 49
2018-02-10 23:57:34,013 INFO     lat_lon fetch URL: https://dev.virtualearth.net/REST/v1/Locations/US/IL/PALATINE/60074/503%20DIANE%20DR?o=json&key=As1SMhbktDgHnBoak6XDezSKFHbgjCqLW4CAVx2s2601KLW_y6cM6vk5qb2C-wFA
2018-02-10 23:57:34,281 INFO     Running with Zoom: 21
2018-02-10 23:57:34,281 INFO     aerial fetch URL: https://dev.virtualearth.net/REST/v1/Imagery/Metadata/Aerial/42.14041,-88.03212?zl=21&o=json&key=As1SMhbktDgHnBoak6XDezSKFHbgjCqLW4CAVx2s2601KLW_y6cM6vk5qb2C-wFA
2018-02-10 23:57:34,441 INFO     Running with Zoom: 20
2018-02-10 23:57:34,441 INFO     aerial fetch URL: https://dev.virtualearth.net/REST/v1/Imagery/Metadata/Aerial/42.14041,-88.03212?zl=20&o=json&key=As1SMhbktDgHnBoak6XDezSKFHbgjCqLW4CAVx2s2601KLW_y6cM6vk5qb2C-wFA
2018-02-10 23:57:34,574 INFO     Running with Zoom: 19
2018-02-10 23:57:34,575 INFO     aerial fetch URL: https://dev.virtualearth.net/REST/v1/Imagery/Metadata/Aerial/42.14041,-88.03212?zl=19&o=json&key=As1SMhbktDgHnBoak6XDezSKFHbgjCqLW4CAVx2s2601KLW_y6cM6vk5qb2C-wFA
2018-02-10 23:57:34,733 DEBUG    Starting new HTTP connection (1): ecn.t3.tiles.virtualearth.net
2018-02-10 23:57:34,777 DEBUG    http://ecn.t3.tiles.virtualearth.net:80 "GET /tiles/a0302222123300312203.jpeg?g=6293 HTTP/1.1" 200 7879
2018-02-10 23:57:34,783 INFO     Running Record number: 50
2018-02-10 23:57:34,783 INFO     lat_lon fetch URL: https://dev.virtualearth.net/REST/v1/Locations/US/IL/PALATINE/60074/587%20CAPRI%20DR?o=json&key=As1SMhbktDgHnBoak6XDezSKFHbgjCqLW4CAVx2s2601KLW_y6cM6vk5qb2C-wFA
2018-02-10 23:57:35,070 INFO     Running with Zoom: 21
2018-02-10 23:57:35,071 INFO     aerial fetch URL: https://dev.virtualearth.net/REST/v1/Imagery/Metadata/Aerial/42.14015,-88.02656?zl=21&o=json&key=As1SMhbktDgHnBoak6XDezSKFHbgjCqLW4CAVx2s2601KLW_y6cM6vk5qb2C-wFA
2018-02-10 23:57:35,243 INFO     Running with Zoom: 20
2018-02-10 23:57:35,243 INFO     aerial fetch URL: https://dev.virtualearth.net/REST/v1/Imagery/Metadata/Aerial/42.14015,-88.02656?zl=20&o=json&key=As1SMhbktDgHnBoak6XDezSKFHbgjCqLW4CAVx2s2601KLW_y6cM6vk5qb2C-wFA
2018-02-10 23:57:35,422 INFO     Running with Zoom: 19
2018-02-10 23:57:35,422 INFO     aerial fetch URL: https://dev.virtualearth.net/REST/v1/Imagery/Metadata/Aerial/42.14015,-88.02656?zl=19&o=json&key=As1SMhbktDgHnBoak6XDezSKFHbgjCqLW4CAVx2s2601KLW_y6cM6vk5qb2C-wFA
2018-02-10 23:57:35,620 DEBUG    Starting new HTTP connection (1): ecn.t2.tiles.virtualearth.net
2018-02-10 23:57:35,661 DEBUG    http://ecn.t2.tiles.virtualearth.net:80 "GET /tiles/a0302222123300313212.jpeg?g=6293 HTTP/1.1" 200 8136
